2020-09-04 01:22:51,575	INFO	--width 160 --height 160 --ball 1.0 --ball-size 2.0 --snell 1.0 --snell-width 80.0 --snell-change 0.0 --snell-visible none --paddle-speed 1.0 --paddle-angle 70.0 --paddle-length 20.0 --update-prob 0.4 --state binary --learning-rate 0.0001 --network dqn_pong_model --render False --epsdecay 1000 --episodes 4000 --replay 100000 --batch-size 32 --pred-episode 1000 --checkpoint ../experiments/96/dqn_pong_model --history ../experiments/96/history.p --store-dir ../experiments/143 
2020-09-04 01:22:51,623	INFO	Device: cuda
2020-09-04 01:22:54,088	INFO	Loading the trained model
2020-09-04 02:07:28,009	INFO	Total steps: 5588245	Episode: 4020/5902	Avg reward: -1.00	Avg steps: 6369
2020-09-04 02:46:34,576	INFO	Total steps: 5699226	Episode: 4040/5662	Avg reward: 5.10	Avg steps: 5548
2020-09-04 03:21:00,161	INFO	Total steps: 5796496	Episode: 4060/4213	Avg reward: 10.10	Avg steps: 4862
2020-09-04 03:37:40,693	INFO	--width 160 --height 160 --ball 1.0 --ball-size 2.0 --snell 1.0 --snell-width 80.0 --snell-change 0.0 --snell-visible none --paddle-speed 1.0 --paddle-angle 70.0 --paddle-length 20.0 --update-prob 0.4 --state binary --learning-rate 0.0001 --network dqn_pong_model --render False --epsdecay 1000 --episodes 4000 --replay 100000 --batch-size 32 --pred-episode 1000 --checkpoint ../experiments/96/dqn_pong_model --history ../experiments/96/history.p --store-dir ../experiments/143 
2020-09-04 03:37:44,362	INFO	Device: cuda
2020-09-04 03:37:50,170	INFO	Loading the trained model
2020-09-04 04:44:25,880	INFO	Total steps: 5589359	Episode: 4020/5296	Avg reward: 1.40	Avg steps: 6425
2020-09-04 05:36:56,931	INFO	Total steps: 5687680	Episode: 4040/3917	Avg reward: 9.40	Avg steps: 4915
2020-09-04 06:23:18,075	INFO	Total steps: 5775596	Episode: 4060/4509	Avg reward: 9.65	Avg steps: 4394
2020-09-04 07:06:29,736	INFO	Total steps: 5855139	Episode: 4080/2516	Avg reward: 10.45	Avg steps: 3976
2020-09-04 07:48:08,727	INFO	Total steps: 5932172	Episode: 4100/3715	Avg reward: 10.20	Avg steps: 3850
2020-09-04 08:29:31,582	INFO	Total steps: 6005188	Episode: 4120/3477	Avg reward: 12.45	Avg steps: 3649
2020-09-04 09:07:12,353	INFO	Total steps: 6077357	Episode: 4140/2948	Avg reward: 12.15	Avg steps: 3607
2020-09-04 09:46:39,144	INFO	Total steps: 6149630	Episode: 4160/3367	Avg reward: 11.45	Avg steps: 3612
2020-09-04 10:21:25,850	INFO	Total steps: 6217404	Episode: 4180/2899	Avg reward: 14.55	Avg steps: 3387
2020-09-04 11:00:06,699	INFO	Total steps: 6285760	Episode: 4200/2654	Avg reward: 12.80	Avg steps: 3416
2020-09-04 11:40:30,114	INFO	Total steps: 6356356	Episode: 4220/4772	Avg reward: 12.60	Avg steps: 3528
2020-09-04 12:17:59,949	INFO	Total steps: 6424684	Episode: 4240/3991	Avg reward: 15.20	Avg steps: 3415
2020-09-04 12:57:10,749	INFO	Total steps: 6493251	Episode: 4260/2447	Avg reward: 13.35	Avg steps: 3427
2020-09-04 13:34:45,599	INFO	Total steps: 6559751	Episode: 4280/3916	Avg reward: 12.75	Avg steps: 3324
2020-09-04 14:08:10,736	INFO	Total steps: 6622815	Episode: 4300/2716	Avg reward: 13.95	Avg steps: 3152
2020-09-04 14:41:31,345	INFO	Total steps: 6687545	Episode: 4320/3059	Avg reward: 13.35	Avg steps: 3235
2020-09-04 15:18:43,896	INFO	Total steps: 6759643	Episode: 4340/5739	Avg reward: 13.05	Avg steps: 3603
2020-09-04 15:52:08,536	INFO	Total steps: 6824259	Episode: 4360/3051	Avg reward: 14.60	Avg steps: 3229
2020-09-04 16:26:35,070	INFO	Total steps: 6889470	Episode: 4380/4237	Avg reward: 13.85	Avg steps: 3259
2020-09-04 16:59:08,611	INFO	Total steps: 6951517	Episode: 4400/3339	Avg reward: 14.30	Avg steps: 3101
2020-09-04 17:32:31,849	INFO	Total steps: 7015020	Episode: 4420/3040	Avg reward: 13.25	Avg steps: 3174
2020-09-04 18:06:30,158	INFO	Total steps: 7079151	Episode: 4440/3049	Avg reward: 14.05	Avg steps: 3205
2020-09-04 18:35:07,191	INFO	--width 160 --height 160 --ball 1.0 --ball-size 2.0 --snell 1.0 --snell-width 80.0 --snell-change 0.0 --snell-visible none --paddle-speed 1.0 --paddle-angle 70.0 --paddle-length 20.0 --update-prob 0.4 --state binary --learning-rate 0.0001 --network dqn_pong_model --render False --epsdecay 1000 --episodes 4000 --replay 100000 --batch-size 32 --pred-episode 1000 --checkpoint ../experiments/96/dqn_pong_model --history ../experiments/96/history.p --store-dir ../experiments/143 
2020-09-04 18:35:07,394	INFO	Device: cuda
2020-09-04 18:35:11,077	INFO	Loading the trained model
2020-09-04 19:30:55,239	INFO	Total steps: 5581184	Episode: 4020/5028	Avg reward: 2.60	Avg steps: 6016
2020-09-04 20:15:19,497	INFO	Total steps: 5673570	Episode: 4040/3946	Avg reward: 7.80	Avg steps: 4618
2020-09-04 20:55:03,702	INFO	Total steps: 5756905	Episode: 4060/4063	Avg reward: 9.55	Avg steps: 4165
2020-09-04 21:30:06,871	INFO	Total steps: 5829232	Episode: 4080/2550	Avg reward: 11.80	Avg steps: 3615
2020-09-04 22:01:00,812	INFO	Total steps: 5898699	Episode: 4100/4523	Avg reward: 10.60	Avg steps: 3472
2020-09-04 22:31:25,082	INFO	Total steps: 5967463	Episode: 4120/2717	Avg reward: 11.45	Avg steps: 3437
2020-09-04 23:01:59,397	INFO	Total steps: 6030784	Episode: 4140/3433	Avg reward: 12.50	Avg steps: 3165
2020-09-04 23:32:39,970	INFO	Total steps: 6092730	Episode: 4160/3496	Avg reward: 13.55	Avg steps: 3096
2020-09-05 00:04:43,938	INFO	Total steps: 6156714	Episode: 4180/3663	Avg reward: 13.10	Avg steps: 3198
2020-09-05 00:37:40,543	INFO	Total steps: 6222114	Episode: 4200/3720	Avg reward: 13.05	Avg steps: 3269
2020-09-05 01:09:08,981	INFO	Total steps: 6286450	Episode: 4220/3621	Avg reward: 13.20	Avg steps: 3215
2020-09-05 01:37:07,103	INFO	Total steps: 6347072	Episode: 4240/3487	Avg reward: 13.40	Avg steps: 3030
2020-09-05 02:04:15,147	INFO	Total steps: 6406501	Episode: 4260/3235	Avg reward: 12.65	Avg steps: 2970
2020-09-05 02:30:07,098	INFO	Total steps: 6463221	Episode: 4280/2612	Avg reward: 13.05	Avg steps: 2835
2020-09-05 02:54:31,590	INFO	Total steps: 6517129	Episode: 4300/2813	Avg reward: 14.30	Avg steps: 2694
2020-09-05 03:20:45,704	INFO	Total steps: 6574059	Episode: 4320/3081	Avg reward: 14.40	Avg steps: 2845
2020-09-05 03:48:38,262	INFO	Total steps: 6634985	Episode: 4340/3120	Avg reward: 14.40	Avg steps: 3045
2020-09-05 04:14:20,805	INFO	Total steps: 6691536	Episode: 4360/2574	Avg reward: 13.45	Avg steps: 2826
2020-09-05 04:41:57,222	INFO	Total steps: 6752267	Episode: 4380/3847	Avg reward: 13.20	Avg steps: 3035
2020-09-05 05:08:19,422	INFO	Total steps: 6811084	Episode: 4400/3773	Avg reward: 14.55	Avg steps: 2939
2020-09-05 05:35:07,321	INFO	Total steps: 6870612	Episode: 4420/2263	Avg reward: 14.80	Avg steps: 2975
2020-09-05 06:00:16,857	INFO	Total steps: 6926300	Episode: 4440/2550	Avg reward: 15.15	Avg steps: 2783
2020-09-05 06:25:48,915	INFO	Total steps: 6982112	Episode: 4460/2828	Avg reward: 14.65	Avg steps: 2789
2020-09-05 06:51:52,189	INFO	Total steps: 7038836	Episode: 4480/4667	Avg reward: 14.05	Avg steps: 2835
2020-09-05 07:19:24,319	INFO	Total steps: 7099411	Episode: 4500/3076	Avg reward: 13.75	Avg steps: 3027
2020-09-05 07:43:18,917	INFO	Total steps: 7153883	Episode: 4520/2473	Avg reward: 15.10	Avg steps: 2722
2020-09-05 08:08:25,921	INFO	Total steps: 7210858	Episode: 4540/3361	Avg reward: 14.10	Avg steps: 2847
2020-09-05 08:32:20,714	INFO	Total steps: 7264797	Episode: 4560/2648	Avg reward: 14.35	Avg steps: 2695
2020-09-05 08:57:27,120	INFO	Total steps: 7318571	Episode: 4580/2318	Avg reward: 15.50	Avg steps: 2687
2020-09-05 09:22:19,512	INFO	Total steps: 7371753	Episode: 4600/2292	Avg reward: 14.80	Avg steps: 2658
2020-09-05 09:47:14,560	INFO	Total steps: 7425232	Episode: 4620/2564	Avg reward: 15.20	Avg steps: 2672
2020-09-05 10:10:53,758	INFO	Total steps: 7477701	Episode: 4640/2735	Avg reward: 14.35	Avg steps: 2622
2020-09-05 10:36:07,049	INFO	Total steps: 7534833	Episode: 4660/2586	Avg reward: 13.85	Avg steps: 2855
2020-09-05 11:00:25,994	INFO	Total steps: 7590298	Episode: 4680/2779	Avg reward: 16.15	Avg steps: 2772
2020-09-05 11:24:19,140	INFO	Total steps: 7644765	Episode: 4700/3010	Avg reward: 15.00	Avg steps: 2722
2020-09-05 11:49:29,712	INFO	Total steps: 7701703	Episode: 4720/2500	Avg reward: 13.50	Avg steps: 2845
2020-09-05 12:13:48,221	INFO	Total steps: 7757099	Episode: 4740/3084	Avg reward: 14.40	Avg steps: 2768
2020-09-05 12:37:46,639	INFO	Total steps: 7811813	Episode: 4760/2744	Avg reward: 15.40	Avg steps: 2734
2020-09-05 13:01:57,964	INFO	Total steps: 7866675	Episode: 4780/3032	Avg reward: 15.40	Avg steps: 2742
2020-09-05 13:26:10,936	INFO	Total steps: 7921590	Episode: 4800/1852	Avg reward: 15.10	Avg steps: 2744
2020-09-05 13:49:40,111	INFO	Total steps: 7974938	Episode: 4820/2983	Avg reward: 15.25	Avg steps: 2666
2020-09-05 14:15:16,852	INFO	Total steps: 8032932	Episode: 4840/2424	Avg reward: 13.70	Avg steps: 2898
2020-09-05 14:43:05,486	INFO	Total steps: 8095915	Episode: 4860/2963	Avg reward: 14.30	Avg steps: 3148
2020-09-05 15:07:22,670	INFO	Total steps: 8151206	Episode: 4880/2940	Avg reward: 14.70	Avg steps: 2763
2020-09-05 15:33:16,630	INFO	Total steps: 8209928	Episode: 4900/4008	Avg reward: 14.70	Avg steps: 2935
2020-09-05 15:58:52,425	INFO	Total steps: 8267859	Episode: 4920/3400	Avg reward: 14.05	Avg steps: 2895
2020-09-05 16:22:55,887	INFO	Total steps: 8321883	Episode: 4940/3156	Avg reward: 15.70	Avg steps: 2700
2020-09-05 16:47:15,281	INFO	Total steps: 8377033	Episode: 4960/2184	Avg reward: 15.10	Avg steps: 2756
2020-09-05 17:11:27,131	INFO	Total steps: 8432044	Episode: 4980/3097	Avg reward: 15.55	Avg steps: 2749
2020-09-05 17:34:37,040	INFO	Total steps: 8484676	Episode: 5000/2648	Avg reward: 14.75	Avg steps: 2630
2020-09-05 17:58:44,979	INFO	Total steps: 8539457	Episode: 5020/3022	Avg reward: 14.30	Avg steps: 2738
2020-09-05 18:24:39,392	INFO	Total steps: 8598147	Episode: 5040/3179	Avg reward: 14.10	Avg steps: 2933
2020-09-05 18:48:07,304	INFO	Total steps: 8651312	Episode: 5060/3026	Avg reward: 14.55	Avg steps: 2657
2020-09-05 19:14:48,193	INFO	Total steps: 8712239	Episode: 5080/3111	Avg reward: 13.10	Avg steps: 3045
2020-09-05 19:39:20,303	INFO	Total steps: 8767856	Episode: 5100/2050	Avg reward: 14.90	Avg steps: 2779
2020-09-05 20:06:15,991	INFO	Total steps: 8828258	Episode: 5120/2453	Avg reward: 13.25	Avg steps: 3019
2020-09-05 20:33:09,975	INFO	Total steps: 8889084	Episode: 5140/3187	Avg reward: 12.25	Avg steps: 3040
2020-09-05 20:58:35,866	INFO	Total steps: 8946542	Episode: 5160/3883	Avg reward: 13.50	Avg steps: 2871
2020-09-05 21:22:24,851	INFO	Total steps: 9000477	Episode: 5180/3188	Avg reward: 15.00	Avg steps: 2695
2020-09-05 21:50:06,773	INFO	Total steps: 9062768	Episode: 5200/4098	Avg reward: 13.35	Avg steps: 3113
2020-09-05 22:13:43,533	INFO	Total steps: 9116649	Episode: 5220/2721	Avg reward: 14.75	Avg steps: 2693
2020-09-05 22:38:35,129	INFO	Total steps: 9173105	Episode: 5240/2537	Avg reward: 12.95	Avg steps: 2821
2020-09-05 23:02:58,599	INFO	Total steps: 9228105	Episode: 5260/2295	Avg reward: 14.50	Avg steps: 2749
2020-09-05 23:27:24,482	INFO	Total steps: 9283052	Episode: 5280/2194	Avg reward: 14.65	Avg steps: 2746
2020-09-05 23:50:30,700	INFO	Total steps: 9334886	Episode: 5300/2253	Avg reward: 14.95	Avg steps: 2590
2020-09-06 00:13:42,020	INFO	Total steps: 9386883	Episode: 5320/2858	Avg reward: 13.10	Avg steps: 2598
2020-09-06 00:40:29,275	INFO	Total steps: 9447379	Episode: 5340/3462	Avg reward: 13.85	Avg steps: 3023
2020-09-06 01:08:35,616	INFO	Total steps: 9511372	Episode: 5360/3173	Avg reward: 13.05	Avg steps: 3198
2020-09-06 01:33:07,841	INFO	Total steps: 9567148	Episode: 5380/2378	Avg reward: 13.30	Avg steps: 2787
2020-09-06 02:00:18,625	INFO	Total steps: 9628608	Episode: 5400/3023	Avg reward: 13.05	Avg steps: 3072
2020-09-06 02:24:19,351	INFO	Total steps: 9683131	Episode: 5420/2490	Avg reward: 13.15	Avg steps: 2725
2020-09-06 02:47:34,811	INFO	Total steps: 9735181	Episode: 5440/2924	Avg reward: 14.30	Avg steps: 2601
2020-09-06 03:13:22,073	INFO	Total steps: 9793767	Episode: 5460/2508	Avg reward: 12.45	Avg steps: 2928
2020-09-06 03:39:47,113	INFO	Total steps: 9853585	Episode: 5480/2874	Avg reward: 12.25	Avg steps: 2989
2020-09-06 04:04:14,016	INFO	Total steps: 9908635	Episode: 5500/2155	Avg reward: 13.30	Avg steps: 2751
2020-09-06 04:27:26,366	INFO	Total steps: 9961163	Episode: 5520/2418	Avg reward: 14.80	Avg steps: 2625
2020-09-06 04:52:34,968	INFO	Total steps: 10018364	Episode: 5540/2132	Avg reward: 14.20	Avg steps: 2859
2020-09-06 05:17:19,030	INFO	Total steps: 10074073	Episode: 5560/3202	Avg reward: 14.30	Avg steps: 2784
2020-09-06 05:40:51,822	INFO	Total steps: 10127436	Episode: 5580/3384	Avg reward: 12.90	Avg steps: 2667
2020-09-06 06:06:08,762	INFO	Total steps: 10184148	Episode: 5600/2879	Avg reward: 14.10	Avg steps: 2834
2020-09-06 06:30:47,564	INFO	Total steps: 10240152	Episode: 5620/2669	Avg reward: 13.15	Avg steps: 2799
2020-09-06 06:55:21,009	INFO	Total steps: 10295967	Episode: 5640/2272	Avg reward: 13.10	Avg steps: 2789
2020-09-06 07:21:47,401	INFO	Total steps: 10355893	Episode: 5660/2567	Avg reward: 12.50	Avg steps: 2995
2020-09-06 07:48:26,190	INFO	Total steps: 10414643	Episode: 5680/3282	Avg reward: 13.30	Avg steps: 2936
2020-09-06 08:15:03,358	INFO	Total steps: 10471886	Episode: 5700/3519	Avg reward: 13.70	Avg steps: 2861
2020-09-06 08:42:20,664	INFO	Total steps: 10530704	Episode: 5720/3003	Avg reward: 12.70	Avg steps: 2939
2020-09-06 09:08:00,938	INFO	Total steps: 10589385	Episode: 5740/2819	Avg reward: 13.20	Avg steps: 2933
2020-09-06 09:31:28,813	INFO	Total steps: 10644066	Episode: 5760/3673	Avg reward: 14.05	Avg steps: 2733
2020-09-06 09:54:17,383	INFO	Total steps: 10695505	Episode: 5780/1689	Avg reward: 14.95	Avg steps: 2570
2020-09-06 10:15:58,302	INFO	Total steps: 10745396	Episode: 5800/2868	Avg reward: 14.70	Avg steps: 2493
2020-09-06 10:39:13,258	INFO	Total steps: 10799648	Episode: 5820/2571	Avg reward: 14.20	Avg steps: 2711
2020-09-06 11:04:11,075	INFO	Total steps: 10857964	Episode: 5840/3000	Avg reward: 14.55	Avg steps: 2914
2020-09-06 11:27:42,090	INFO	Total steps: 10913543	Episode: 5860/2030	Avg reward: 14.00	Avg steps: 2777
2020-09-06 11:48:58,631	INFO	Total steps: 10966132	Episode: 5880/1592	Avg reward: 13.75	Avg steps: 2628
2020-09-06 12:13:42,424	INFO	Total steps: 11026745	Episode: 5900/4054	Avg reward: 13.35	Avg steps: 3029
2020-09-06 12:37:39,800	INFO	Total steps: 11085854	Episode: 5920/3453	Avg reward: 11.80	Avg steps: 2954
2020-09-06 12:59:45,645	INFO	Total steps: 11140362	Episode: 5940/2471	Avg reward: 14.75	Avg steps: 2724
2020-09-06 13:20:21,018	INFO	Total steps: 11191158	Episode: 5960/3153	Avg reward: 13.85	Avg steps: 2538
2020-09-06 13:43:00,471	INFO	Total steps: 11246913	Episode: 5980/2931	Avg reward: 13.35	Avg steps: 2786
2020-09-06 14:05:17,343	INFO	Total steps: 11301903	Episode: 6000/3167	Avg reward: 12.50	Avg steps: 2748
2020-09-06 14:26:22,112	INFO	Total steps: 11354168	Episode: 6020/2284	Avg reward: 13.90	Avg steps: 2612
2020-09-06 14:48:48,054	INFO	Total steps: 11409398	Episode: 6040/2898	Avg reward: 13.90	Avg steps: 2760
2020-09-06 15:11:41,366	INFO	Total steps: 11466105	Episode: 6060/2532	Avg reward: 13.40	Avg steps: 2834
2020-09-06 15:34:15,779	INFO	Total steps: 11520940	Episode: 6080/2141	Avg reward: 14.00	Avg steps: 2740
2020-09-06 15:58:03,012	INFO	Total steps: 11579042	Episode: 6100/2668	Avg reward: 12.80	Avg steps: 2904
2020-09-06 16:19:40,402	INFO	Total steps: 11634018	Episode: 6120/3354	Avg reward: 13.40	Avg steps: 2747
2020-09-06 16:41:08,336	INFO	Total steps: 11692007	Episode: 6140/3053	Avg reward: 13.85	Avg steps: 2898
2020-09-06 17:01:58,042	INFO	Total steps: 11748653	Episode: 6160/2728	Avg reward: 12.40	Avg steps: 2831
2020-09-06 17:22:23,225	INFO	Total steps: 11803840	Episode: 6180/3368	Avg reward: 14.00	Avg steps: 2758
2020-09-06 17:42:27,458	INFO	Total steps: 11857957	Episode: 6200/2918	Avg reward: 14.65	Avg steps: 2704
2020-09-06 18:05:20,921	INFO	Total steps: 11914950	Episode: 6220/2626	Avg reward: 13.55	Avg steps: 2848
2020-09-06 18:31:04,244	INFO	Total steps: 11972428	Episode: 6240/2897	Avg reward: 12.80	Avg steps: 2872
2020-09-06 18:54:26,290	INFO	Total steps: 12026295	Episode: 6260/2724	Avg reward: 14.05	Avg steps: 2692
2020-09-06 19:21:04,996	INFO	Total steps: 12087354	Episode: 6280/2659	Avg reward: 12.55	Avg steps: 3051
2020-09-06 19:41:08,403	INFO	Total steps: 12142406	Episode: 6300/2646	Avg reward: 14.15	Avg steps: 2751
2020-09-06 20:04:13,502	INFO	Total steps: 12199283	Episode: 6320/2508	Avg reward: 13.45	Avg steps: 2842
2020-09-06 20:25:08,929	INFO	Total steps: 12252705	Episode: 6340/3250	Avg reward: 12.85	Avg steps: 2670
2020-09-06 20:52:07,762	INFO	Total steps: 12313992	Episode: 6360/2476	Avg reward: 12.40	Avg steps: 3063
2020-09-06 21:19:37,593	INFO	Total steps: 12375352	Episode: 6380/3486	Avg reward: 11.85	Avg steps: 3067
2020-09-06 21:50:52,916	INFO	Total steps: 12444085	Episode: 6400/3357	Avg reward: 12.45	Avg steps: 3435
2020-09-06 22:19:28,351	INFO	Total steps: 12504440	Episode: 6420/4034	Avg reward: 13.45	Avg steps: 3016
2020-09-06 22:45:32,107	INFO	Total steps: 12559571	Episode: 6440/2812	Avg reward: 13.30	Avg steps: 2755
2020-09-06 23:10:48,465	INFO	Total steps: 12613039	Episode: 6460/2207	Avg reward: 13.25	Avg steps: 2672
2020-09-06 23:39:10,908	INFO	Total steps: 12673192	Episode: 6480/3731	Avg reward: 10.05	Avg steps: 3006
2020-09-07 00:07:53,937	INFO	Total steps: 12733913	Episode: 6500/2985	Avg reward: 13.95	Avg steps: 3035
2020-09-07 00:35:05,799	INFO	Total steps: 12791602	Episode: 6520/3712	Avg reward: 13.35	Avg steps: 2883
2020-09-07 01:01:02,071	INFO	Total steps: 12846737	Episode: 6540/2534	Avg reward: 13.65	Avg steps: 2755
2020-09-07 01:26:14,903	INFO	Total steps: 12900418	Episode: 6560/2627	Avg reward: 14.50	Avg steps: 2683
2020-09-07 01:53:33,879	INFO	Total steps: 12958720	Episode: 6580/2067	Avg reward: 13.55	Avg steps: 2914
2020-09-07 02:18:48,806	INFO	Total steps: 13012554	Episode: 6600/3124	Avg reward: 13.25	Avg steps: 2690
2020-09-07 02:45:27,472	INFO	Total steps: 13068672	Episode: 6620/2173	Avg reward: 13.40	Avg steps: 2804
2020-09-07 03:11:46,818	INFO	Total steps: 13123456	Episode: 6640/2381	Avg reward: 12.55	Avg steps: 2738
2020-09-07 03:38:20,106	INFO	Total steps: 13178594	Episode: 6660/2833	Avg reward: 12.65	Avg steps: 2755
2020-09-07 04:05:51,135	INFO	Total steps: 13235809	Episode: 6680/2938	Avg reward: 13.70	Avg steps: 2859
2020-09-07 04:33:23,673	INFO	Total steps: 13293318	Episode: 6700/3015	Avg reward: 13.65	Avg steps: 2874
2020-09-07 04:59:29,932	INFO	Total steps: 13347843	Episode: 6720/2067	Avg reward: 14.20	Avg steps: 2725
2020-09-07 05:24:46,331	INFO	Total steps: 13400392	Episode: 6740/2672	Avg reward: 14.70	Avg steps: 2626
2020-09-07 05:52:35,308	INFO	Total steps: 13458141	Episode: 6760/2893	Avg reward: 12.80	Avg steps: 2886
2020-09-07 06:19:20,460	INFO	Total steps: 13513715	Episode: 6780/2882	Avg reward: 14.60	Avg steps: 2777
2020-09-07 06:47:36,338	INFO	Total steps: 13572442	Episode: 6800/2877	Avg reward: 12.00	Avg steps: 2935
2020-09-07 07:14:21,405	INFO	Total steps: 13628451	Episode: 6820/2736	Avg reward: 12.50	Avg steps: 2799
2020-09-07 07:41:34,903	INFO	Total steps: 13686310	Episode: 6840/2370	Avg reward: 13.55	Avg steps: 2891
2020-09-07 08:10:34,928	INFO	Total steps: 13747914	Episode: 6860/4207	Avg reward: 13.15	Avg steps: 3079
2020-09-07 08:38:41,840	INFO	Total steps: 13807690	Episode: 6880/2429	Avg reward: 12.90	Avg steps: 2987
2020-09-07 09:06:02,358	INFO	Total steps: 13865790	Episode: 6900/2861	Avg reward: 12.40	Avg steps: 2904
2020-09-07 09:33:35,459	INFO	Total steps: 13924163	Episode: 6920/2580	Avg reward: 12.50	Avg steps: 2917
2020-09-07 10:00:19,676	INFO	Total steps: 13980939	Episode: 6940/2114	Avg reward: 14.60	Avg steps: 2837
2020-09-07 10:27:02,025	INFO	Total steps: 14037528	Episode: 6960/3156	Avg reward: 12.85	Avg steps: 2828
2020-09-07 10:55:32,169	INFO	Total steps: 14098023	Episode: 6980/2796	Avg reward: 12.60	Avg steps: 3023
2020-09-07 11:22:55,841	INFO	Total steps: 14156035	Episode: 7000/2133	Avg reward: 11.95	Avg steps: 2899
2020-09-07 11:47:13,367	INFO	Total steps: 14207620	Episode: 7020/2471	Avg reward: 13.30	Avg steps: 2578
2020-09-07 12:14:09,576	INFO	Total steps: 14265101	Episode: 7040/3076	Avg reward: 14.15	Avg steps: 2873
2020-09-07 12:39:39,626	INFO	Total steps: 14319455	Episode: 7060/3397	Avg reward: 14.30	Avg steps: 2716
2020-09-07 13:06:44,188	INFO	Total steps: 14376957	Episode: 7080/2197	Avg reward: 12.40	Avg steps: 2874
2020-09-07 13:31:34,491	INFO	Total steps: 14429488	Episode: 7100/2092	Avg reward: 13.55	Avg steps: 2625
2020-09-07 13:57:07,172	INFO	Total steps: 14483762	Episode: 7120/3421	Avg reward: 14.05	Avg steps: 2712
2020-09-07 14:24:00,269	INFO	Total steps: 14540830	Episode: 7140/2633	Avg reward: 12.95	Avg steps: 2852
2020-09-07 14:50:13,091	INFO	Total steps: 14596421	Episode: 7160/3382	Avg reward: 14.25	Avg steps: 2778
2020-09-07 15:18:20,516	INFO	Total steps: 14655472	Episode: 7180/3063	Avg reward: 13.25	Avg steps: 2951
2020-09-07 15:48:22,698	INFO	Total steps: 14716859	Episode: 7200/2727	Avg reward: 10.50	Avg steps: 3068
2020-09-07 16:18:24,094	INFO	Total steps: 14777664	Episode: 7220/2932	Avg reward: 13.40	Avg steps: 3039
2020-09-07 16:47:11,196	INFO	Total steps: 14836443	Episode: 7240/3230	Avg reward: 12.10	Avg steps: 2937
2020-09-07 17:14:26,089	INFO	Total steps: 14891749	Episode: 7260/2691	Avg reward: 12.65	Avg steps: 2764
2020-09-07 17:39:23,770	INFO	Total steps: 14942273	Episode: 7280/2987	Avg reward: 15.05	Avg steps: 2525
2020-09-07 18:07:00,679	INFO	Total steps: 14998053	Episode: 7300/2045	Avg reward: 13.45	Avg steps: 2788
2020-09-07 18:34:27,755	INFO	Total steps: 15053595	Episode: 7320/1993	Avg reward: 14.45	Avg steps: 2776
2020-09-07 19:01:38,525	INFO	Total steps: 15108471	Episode: 7340/2266	Avg reward: 13.80	Avg steps: 2742
2020-09-07 19:29:56,678	INFO	Total steps: 15165898	Episode: 7360/1842	Avg reward: 12.75	Avg steps: 2870
2020-09-07 19:56:26,892	INFO	Total steps: 15219783	Episode: 7380/2951	Avg reward: 14.45	Avg steps: 2693
2020-09-07 20:22:18,699	INFO	Total steps: 15271971	Episode: 7400/2267	Avg reward: 13.75	Avg steps: 2608
2020-09-07 20:51:35,098	INFO	Total steps: 15331086	Episode: 7420/3128	Avg reward: 13.80	Avg steps: 2954
2020-09-07 21:22:20,638	INFO	Total steps: 15392705	Episode: 7440/3764	Avg reward: 12.45	Avg steps: 3079
2020-09-07 21:49:35,381	INFO	Total steps: 15447060	Episode: 7460/2570	Avg reward: 14.00	Avg steps: 2716
2020-09-07 22:18:38,398	INFO	Total steps: 15504857	Episode: 7480/3795	Avg reward: 13.70	Avg steps: 2888
2020-09-07 22:46:20,571	INFO	Total steps: 15559946	Episode: 7500/3881	Avg reward: 13.20	Avg steps: 2753
2020-09-07 23:13:45,060	INFO	Total steps: 15615290	Episode: 7520/3213	Avg reward: 13.90	Avg steps: 2766
2020-09-07 23:43:36,846	INFO	Total steps: 15675318	Episode: 7540/2767	Avg reward: 14.15	Avg steps: 3000
2020-09-08 00:13:03,937	INFO	Total steps: 15734034	Episode: 7560/2473	Avg reward: 11.75	Avg steps: 2934
2020-09-08 00:40:53,080	INFO	Total steps: 15789525	Episode: 7580/2033	Avg reward: 12.90	Avg steps: 2773
2020-09-08 01:08:51,696	INFO	Total steps: 15848120	Episode: 7600/1889	Avg reward: 13.10	Avg steps: 2928
2020-09-08 01:33:35,790	INFO	Total steps: 15904561	Episode: 7620/3071	Avg reward: 13.50	Avg steps: 2821
2020-09-08 01:59:44,090	INFO	Total steps: 15964701	Episode: 7640/1899	Avg reward: 12.55	Avg steps: 3006
2020-09-08 02:24:59,381	INFO	Total steps: 16023311	Episode: 7660/3143	Avg reward: 12.65	Avg steps: 2929
2020-09-08 02:50:03,007	INFO	Total steps: 16081356	Episode: 7680/2772	Avg reward: 12.90	Avg steps: 2901
2020-09-08 03:15:41,515	INFO	Total steps: 16140947	Episode: 7700/2971	Avg reward: 13.40	Avg steps: 2978
2020-09-08 03:39:42,136	INFO	Total steps: 16197030	Episode: 7720/2647	Avg reward: 10.20	Avg steps: 2803
2020-09-08 04:02:17,216	INFO	Total steps: 16249318	Episode: 7740/2167	Avg reward: 13.35	Avg steps: 2613
2020-09-08 04:25:45,093	INFO	Total steps: 16303287	Episode: 7760/2518	Avg reward: 14.40	Avg steps: 2697
2020-09-08 04:50:00,288	INFO	Total steps: 16359430	Episode: 7780/3267	Avg reward: 12.50	Avg steps: 2806
2020-09-08 05:15:01,023	INFO	Total steps: 16417320	Episode: 7800/2773	Avg reward: 12.55	Avg steps: 2893
2020-09-08 05:39:33,803	INFO	Total steps: 16474093	Episode: 7820/2411	Avg reward: 11.60	Avg steps: 2837
2020-09-08 06:04:48,456	INFO	Total steps: 16531848	Episode: 7840/3798	Avg reward: 14.80	Avg steps: 2886
2020-09-08 06:29:24,752	INFO	Total steps: 16588535	Episode: 7860/3432	Avg reward: 12.85	Avg steps: 2833
2020-09-08 06:54:29,349	INFO	Total steps: 16646524	Episode: 7880/2701	Avg reward: 13.25	Avg steps: 2898
2020-09-08 07:16:59,031	INFO	Total steps: 16698372	Episode: 7900/1789	Avg reward: 13.25	Avg steps: 2591
2020-09-08 07:42:54,385	INFO	Total steps: 16757902	Episode: 7920/2972	Avg reward: 12.45	Avg steps: 2975
2020-09-08 08:04:44,611	INFO	Total steps: 16807928	Episode: 7940/2435	Avg reward: 15.35	Avg steps: 2500
2020-09-08 08:29:50,102	INFO	Total steps: 16863274	Episode: 7960/2641	Avg reward: 13.70	Avg steps: 2766
2020-09-08 08:53:04,472	INFO	Total steps: 16914331	Episode: 7980/2775	Avg reward: 13.15	Avg steps: 2551
2020-09-08 09:17:32,629	INFO	Total steps: 16967919	Episode: 8000/2367	Avg reward: 13.15	Avg steps: 2678
