2020-09-04 01:22:51,426	INFO	--width 160 --height 160 --ball 1.0 --ball-size 2.0 --snell 2.0 --snell-width 80.0 --snell-change 0.0 --snell-visible none --paddle-speed 1.0 --paddle-angle 70.0 --paddle-length 20.0 --update-prob 0.4 --state binary --learning-rate 0.0001 --network dqn_pong_model --render False --epsdecay 1000 --episodes 4000 --replay 100000 --batch-size 32 --pred-episode 1000 --checkpoint ../experiments/94/dqn_pong_model --history ../experiments/94/history.p --store-dir ../experiments/141 
2020-09-04 01:22:51,597	INFO	Device: cuda
2020-09-04 01:22:54,066	INFO	Loading the trained model
2020-09-04 01:35:31,500	INFO	Total steps: 10218116	Episode: 4020/2348	Avg reward: -4.65	Avg steps: 1799
2020-09-04 01:51:12,885	INFO	Total steps: 10263228	Episode: 4040/2412	Avg reward: 9.05	Avg steps: 2254
2020-09-04 02:05:59,320	INFO	Total steps: 10305050	Episode: 4060/2063	Avg reward: 11.95	Avg steps: 2090
2020-09-04 02:21:20,268	INFO	Total steps: 10348746	Episode: 4080/1952	Avg reward: 13.65	Avg steps: 2183
2020-09-04 02:34:36,001	INFO	Total steps: 10385701	Episode: 4100/1633	Avg reward: 13.35	Avg steps: 1846
2020-09-04 02:47:22,070	INFO	Total steps: 10421865	Episode: 4120/2034	Avg reward: 13.30	Avg steps: 1807
2020-09-04 03:00:23,012	INFO	Total steps: 10458478	Episode: 4140/2527	Avg reward: 14.50	Avg steps: 1829
2020-09-04 03:12:50,842	INFO	Total steps: 10493548	Episode: 4160/1531	Avg reward: 15.60	Avg steps: 1752
2020-09-04 03:24:47,079	INFO	Total steps: 10527346	Episode: 4180/1967	Avg reward: 15.65	Avg steps: 1688
2020-09-04 03:37:40,692	INFO	--width 160 --height 160 --ball 1.0 --ball-size 2.0 --snell 2.0 --snell-width 80.0 --snell-change 0.0 --snell-visible none --paddle-speed 1.0 --paddle-angle 70.0 --paddle-length 20.0 --update-prob 0.4 --state binary --learning-rate 0.0001 --network dqn_pong_model --render False --epsdecay 1000 --episodes 4000 --replay 100000 --batch-size 32 --pred-episode 1000 --checkpoint ../experiments/94/dqn_pong_model --history ../experiments/94/history.p --store-dir ../experiments/141 
2020-09-04 03:37:44,399	INFO	Device: cuda
2020-09-04 03:37:50,020	INFO	Loading the trained model
2020-09-04 04:00:11,070	INFO	Total steps: 10225344	Episode: 4020/2552	Avg reward: -3.30	Avg steps: 2160
2020-09-04 04:23:49,230	INFO	Total steps: 10269866	Episode: 4040/2934	Avg reward: 7.45	Avg steps: 2225
2020-09-04 04:45:31,554	INFO	Total steps: 10312207	Episode: 4060/1730	Avg reward: 12.35	Avg steps: 2116
2020-09-04 05:06:37,759	INFO	Total steps: 10353186	Episode: 4080/1737	Avg reward: 10.45	Avg steps: 2047
2020-09-04 05:25:47,634	INFO	Total steps: 10389894	Episode: 4100/1448	Avg reward: 13.95	Avg steps: 1834
2020-09-04 05:46:51,406	INFO	Total steps: 10427658	Episode: 4120/1871	Avg reward: 14.75	Avg steps: 1887
2020-09-04 06:06:45,987	INFO	Total steps: 10463325	Episode: 4140/1952	Avg reward: 16.30	Avg steps: 1782
2020-09-04 06:24:42,402	INFO	Total steps: 10496561	Episode: 4160/1563	Avg reward: 16.00	Avg steps: 1660
2020-09-04 06:42:08,417	INFO	Total steps: 10529882	Episode: 4180/1509	Avg reward: 15.90	Avg steps: 1665
2020-09-04 06:57:50,298	INFO	Total steps: 10561516	Episode: 4200/1513	Avg reward: 16.60	Avg steps: 1580
2020-09-04 07:14:32,375	INFO	Total steps: 10593045	Episode: 4220/1600	Avg reward: 17.10	Avg steps: 1575
2020-09-04 07:31:25,479	INFO	Total steps: 10626206	Episode: 4240/2566	Avg reward: 17.15	Avg steps: 1657
2020-09-04 07:48:42,704	INFO	Total steps: 10657740	Episode: 4260/1245	Avg reward: 17.30	Avg steps: 1575
2020-09-04 08:04:43,029	INFO	Total steps: 10687201	Episode: 4280/1620	Avg reward: 17.55	Avg steps: 1472
2020-09-04 08:18:36,545	INFO	Total steps: 10714952	Episode: 4300/1350	Avg reward: 18.05	Avg steps: 1386
2020-09-04 08:33:08,902	INFO	Total steps: 10743380	Episode: 4320/1502	Avg reward: 16.75	Avg steps: 1420
2020-09-04 08:49:26,076	INFO	Total steps: 10774699	Episode: 4340/1295	Avg reward: 17.05	Avg steps: 1564
2020-09-04 09:04:36,704	INFO	Total steps: 10802536	Episode: 4360/1373	Avg reward: 17.55	Avg steps: 1390
2020-09-04 09:21:38,608	INFO	Total steps: 10832825	Episode: 4380/1468	Avg reward: 16.65	Avg steps: 1513
2020-09-04 09:38:02,602	INFO	Total steps: 10862797	Episode: 4400/1610	Avg reward: 16.85	Avg steps: 1497
2020-09-04 09:53:28,548	INFO	Total steps: 10891308	Episode: 4420/1616	Avg reward: 17.55	Avg steps: 1424
2020-09-04 10:08:20,115	INFO	Total steps: 10919500	Episode: 4440/1303	Avg reward: 17.65	Avg steps: 1408
2020-09-04 10:22:19,447	INFO	Total steps: 10946533	Episode: 4460/1205	Avg reward: 17.85	Avg steps: 1350
2020-09-04 10:38:03,754	INFO	Total steps: 10976685	Episode: 4480/1613	Avg reward: 16.90	Avg steps: 1506
2020-09-04 10:52:49,932	INFO	Total steps: 11005113	Episode: 4500/1416	Avg reward: 17.70	Avg steps: 1420
2020-09-04 11:06:57,346	INFO	Total steps: 11032538	Episode: 4520/1426	Avg reward: 17.60	Avg steps: 1370
2020-09-04 11:21:41,827	INFO	Total steps: 11060777	Episode: 4540/1686	Avg reward: 17.55	Avg steps: 1410
2020-09-04 11:35:42,025	INFO	Total steps: 11088433	Episode: 4560/1592	Avg reward: 18.25	Avg steps: 1381
2020-09-04 11:50:46,731	INFO	Total steps: 11118014	Episode: 4580/1662	Avg reward: 17.00	Avg steps: 1478
2020-09-04 12:06:23,288	INFO	Total steps: 11147942	Episode: 4600/1694	Avg reward: 17.15	Avg steps: 1495
2020-09-04 12:20:27,937	INFO	Total steps: 11174670	Episode: 4620/1506	Avg reward: 17.95	Avg steps: 1335
2020-09-04 12:36:00,372	INFO	Total steps: 11204534	Episode: 4640/1087	Avg reward: 16.90	Avg steps: 1492
2020-09-04 12:48:54,526	INFO	Total steps: 11230058	Episode: 4660/1407	Avg reward: 18.20	Avg steps: 1275
2020-09-04 13:03:57,273	INFO	Total steps: 11259573	Episode: 4680/1505	Avg reward: 17.25	Avg steps: 1474
2020-09-04 13:18:40,688	INFO	Total steps: 11288652	Episode: 4700/1547	Avg reward: 16.95	Avg steps: 1452
2020-09-04 13:33:39,151	INFO	Total steps: 11318278	Episode: 4720/1352	Avg reward: 16.90	Avg steps: 1480
2020-09-04 13:47:14,686	INFO	Total steps: 11345120	Episode: 4740/1260	Avg reward: 17.40	Avg steps: 1341
2020-09-04 14:01:01,423	INFO	Total steps: 11372212	Episode: 4760/1241	Avg reward: 17.65	Avg steps: 1353
2020-09-04 14:16:17,742	INFO	Total steps: 11399600	Episode: 4780/1346	Avg reward: 17.85	Avg steps: 1368
2020-09-04 14:31:40,525	INFO	Total steps: 11427142	Episode: 4800/1326	Avg reward: 17.75	Avg steps: 1376
2020-09-04 14:46:48,673	INFO	Total steps: 11454059	Episode: 4820/1652	Avg reward: 17.75	Avg steps: 1344
2020-09-04 15:02:20,111	INFO	Total steps: 11481923	Episode: 4840/1696	Avg reward: 17.75	Avg steps: 1392
2020-09-04 15:18:03,948	INFO	Total steps: 11509690	Episode: 4860/1115	Avg reward: 17.50	Avg steps: 1387
2020-09-04 15:33:04,646	INFO	Total steps: 11536191	Episode: 4880/1434	Avg reward: 18.35	Avg steps: 1324
2020-09-04 15:49:12,059	INFO	Total steps: 11564410	Episode: 4900/1357	Avg reward: 18.35	Avg steps: 1409
2020-09-04 16:03:48,530	INFO	Total steps: 11590327	Episode: 4920/1328	Avg reward: 18.30	Avg steps: 1294
2020-09-04 16:18:19,568	INFO	Total steps: 11617561	Episode: 4940/1892	Avg reward: 18.10	Avg steps: 1360
2020-09-04 16:34:03,371	INFO	Total steps: 11646597	Episode: 4960/1196	Avg reward: 16.75	Avg steps: 1450
2020-09-04 16:49:21,166	INFO	Total steps: 11674845	Episode: 4980/1491	Avg reward: 17.10	Avg steps: 1411
2020-09-04 17:04:58,072	INFO	Total steps: 11702496	Episode: 5000/1368	Avg reward: 17.00	Avg steps: 1381
2020-09-04 17:20:08,935	INFO	Total steps: 11729837	Episode: 5020/1424	Avg reward: 17.45	Avg steps: 1366
2020-09-04 17:35:39,696	INFO	Total steps: 11758127	Episode: 5040/1159	Avg reward: 17.90	Avg steps: 1413
2020-09-04 17:51:00,685	INFO	Total steps: 11785823	Episode: 5060/1323	Avg reward: 17.40	Avg steps: 1383
2020-09-04 18:06:07,639	INFO	Total steps: 11812751	Episode: 5080/1598	Avg reward: 17.35	Avg steps: 1345
2020-09-04 18:21:11,031	INFO	Total steps: 11839438	Episode: 5100/1367	Avg reward: 18.55	Avg steps: 1333
2020-09-04 18:35:07,193	INFO	--width 160 --height 160 --ball 1.0 --ball-size 2.0 --snell 2.0 --snell-width 80.0 --snell-change 0.0 --snell-visible none --paddle-speed 1.0 --paddle-angle 70.0 --paddle-length 20.0 --update-prob 0.4 --state binary --learning-rate 0.0001 --network dqn_pong_model --render False --epsdecay 1000 --episodes 4000 --replay 100000 --batch-size 32 --pred-episode 1000 --checkpoint ../experiments/94/dqn_pong_model --history ../experiments/94/history.p --store-dir ../experiments/141 
2020-09-04 18:35:07,395	INFO	Device: cuda
2020-09-04 18:35:11,169	INFO	Loading the trained model
2020-09-04 18:54:59,733	INFO	Total steps: 10226640	Episode: 4020/2314	Avg reward: 2.25	Avg steps: 2225
2020-09-04 19:18:22,366	INFO	Total steps: 10275530	Episode: 4040/3191	Avg reward: 10.10	Avg steps: 2443
2020-09-04 19:39:40,143	INFO	Total steps: 10319256	Episode: 4060/2448	Avg reward: 11.35	Avg steps: 2185
2020-09-04 19:59:18,752	INFO	Total steps: 10359905	Episode: 4080/2150	Avg reward: 10.45	Avg steps: 2031
2020-09-04 20:18:03,406	INFO	Total steps: 10398807	Episode: 4100/1664	Avg reward: 12.10	Avg steps: 1944
2020-09-04 20:35:54,612	INFO	Total steps: 10434717	Episode: 4120/2066	Avg reward: 13.60	Avg steps: 1794
2020-09-04 20:54:51,546	INFO	Total steps: 10471851	Episode: 4140/1598	Avg reward: 13.45	Avg steps: 1855
2020-09-04 21:12:25,556	INFO	Total steps: 10507456	Episode: 4160/1993	Avg reward: 14.45	Avg steps: 1779
2020-09-04 21:29:23,035	INFO	Total steps: 10541037	Episode: 4180/2053	Avg reward: 15.60	Avg steps: 1678
2020-09-04 21:45:12,508	INFO	Total steps: 10572997	Episode: 4200/1971	Avg reward: 16.05	Avg steps: 1597
2020-09-04 22:01:52,407	INFO	Total steps: 10606899	Episode: 4220/1249	Avg reward: 14.85	Avg steps: 1694
2020-09-04 22:17:33,487	INFO	Total steps: 10638590	Episode: 4240/1924	Avg reward: 16.05	Avg steps: 1583
2020-09-04 22:35:40,813	INFO	Total steps: 10674599	Episode: 4260/1823	Avg reward: 15.20	Avg steps: 1799
2020-09-04 22:51:41,841	INFO	Total steps: 10708997	Episode: 4280/1536	Avg reward: 16.10	Avg steps: 1718
2020-09-04 23:06:11,040	INFO	Total steps: 10740963	Episode: 4300/2358	Avg reward: 15.85	Avg steps: 1597
2020-09-04 23:20:50,057	INFO	Total steps: 10772556	Episode: 4320/1539	Avg reward: 16.75	Avg steps: 1578
2020-09-04 23:36:44,112	INFO	Total steps: 10803932	Episode: 4340/1803	Avg reward: 16.30	Avg steps: 1567
2020-09-04 23:53:07,802	INFO	Total steps: 10836390	Episode: 4360/1992	Avg reward: 16.70	Avg steps: 1621
2020-09-05 00:08:36,392	INFO	Total steps: 10867256	Episode: 4380/1475	Avg reward: 16.35	Avg steps: 1542
2020-09-05 00:23:32,930	INFO	Total steps: 10897971	Episode: 4400/1464	Avg reward: 16.90	Avg steps: 1534
2020-09-05 00:37:33,944	INFO	Total steps: 10925445	Episode: 4420/1652	Avg reward: 17.65	Avg steps: 1372
2020-09-05 00:52:48,107	INFO	Total steps: 10955382	Episode: 4440/1349	Avg reward: 17.05	Avg steps: 1495
2020-09-05 01:06:36,243	INFO	Total steps: 10983885	Episode: 4460/1380	Avg reward: 17.10	Avg steps: 1424
2020-09-05 01:19:51,444	INFO	Total steps: 11012784	Episode: 4480/1487	Avg reward: 17.15	Avg steps: 1443
2020-09-05 01:32:26,471	INFO	Total steps: 11039852	Episode: 4500/990	Avg reward: 17.70	Avg steps: 1352
2020-09-05 01:45:08,965	INFO	Total steps: 11067906	Episode: 4520/1369	Avg reward: 18.10	Avg steps: 1401
2020-09-05 01:59:39,657	INFO	Total steps: 11096622	Episode: 4540/1670	Avg reward: 16.55	Avg steps: 1434
2020-09-05 02:13:20,518	INFO	Total steps: 11123258	Episode: 4560/1352	Avg reward: 17.85	Avg steps: 1330
2020-09-05 02:27:24,458	INFO	Total steps: 11150601	Episode: 4580/1267	Avg reward: 17.15	Avg steps: 1366
2020-09-05 02:42:00,910	INFO	Total steps: 11178995	Episode: 4600/1422	Avg reward: 17.10	Avg steps: 1418
2020-09-05 02:56:02,364	INFO	Total steps: 11206418	Episode: 4620/1723	Avg reward: 17.80	Avg steps: 1370
2020-09-05 03:09:53,203	INFO	Total steps: 11233368	Episode: 4640/1338	Avg reward: 17.45	Avg steps: 1346
2020-09-05 03:24:03,889	INFO	Total steps: 11261093	Episode: 4660/1372	Avg reward: 17.35	Avg steps: 1385
2020-09-05 03:38:17,015	INFO	Total steps: 11288565	Episode: 4680/1206	Avg reward: 17.30	Avg steps: 1372
2020-09-05 03:52:51,488	INFO	Total steps: 11316610	Episode: 4700/1744	Avg reward: 17.50	Avg steps: 1401
2020-09-05 04:06:51,064	INFO	Total steps: 11343710	Episode: 4720/1316	Avg reward: 17.95	Avg steps: 1354
2020-09-05 04:21:36,306	INFO	Total steps: 11372231	Episode: 4740/1676	Avg reward: 16.65	Avg steps: 1425
2020-09-05 04:35:30,716	INFO	Total steps: 11399162	Episode: 4760/1777	Avg reward: 17.45	Avg steps: 1345
2020-09-05 04:52:01,494	INFO	Total steps: 11430936	Episode: 4780/1495	Avg reward: 16.25	Avg steps: 1587
2020-09-05 05:07:03,037	INFO	Total steps: 11460059	Episode: 4800/1220	Avg reward: 16.15	Avg steps: 1455
2020-09-05 05:21:23,560	INFO	Total steps: 11488551	Episode: 4820/1268	Avg reward: 16.95	Avg steps: 1423
2020-09-05 05:34:53,072	INFO	Total steps: 11515182	Episode: 4840/1356	Avg reward: 17.75	Avg steps: 1330
2020-09-05 05:48:07,415	INFO	Total steps: 11541601	Episode: 4860/1294	Avg reward: 18.25	Avg steps: 1319
2020-09-05 06:01:19,334	INFO	Total steps: 11567994	Episode: 4880/1466	Avg reward: 18.20	Avg steps: 1318
2020-09-05 06:14:58,228	INFO	Total steps: 11595201	Episode: 4900/1128	Avg reward: 17.50	Avg steps: 1359
2020-09-05 06:29:22,727	INFO	Total steps: 11623826	Episode: 4920/1173	Avg reward: 16.95	Avg steps: 1430
2020-09-05 06:42:53,260	INFO	Total steps: 11650511	Episode: 4940/1259	Avg reward: 17.40	Avg steps: 1333
2020-09-05 06:57:08,718	INFO	Total steps: 11677792	Episode: 4960/1526	Avg reward: 17.10	Avg steps: 1363
2020-09-05 07:12:26,171	INFO	Total steps: 11707960	Episode: 4980/1216	Avg reward: 18.05	Avg steps: 1507
2020-09-05 07:26:17,259	INFO	Total steps: 11735925	Episode: 5000/1352	Avg reward: 17.35	Avg steps: 1397
2020-09-05 07:40:51,708	INFO	Total steps: 11765730	Episode: 5020/1842	Avg reward: 16.55	Avg steps: 1489
2020-09-05 07:54:27,513	INFO	Total steps: 11793468	Episode: 5040/1205	Avg reward: 18.35	Avg steps: 1385
2020-09-05 08:07:54,995	INFO	Total steps: 11820551	Episode: 5060/1509	Avg reward: 18.00	Avg steps: 1353
2020-09-05 08:21:58,498	INFO	Total steps: 11848954	Episode: 5080/1582	Avg reward: 17.40	Avg steps: 1419
2020-09-05 08:34:55,294	INFO	Total steps: 11874718	Episode: 5100/1437	Avg reward: 18.45	Avg steps: 1287
2020-09-05 08:49:31,394	INFO	Total steps: 11902640	Episode: 5120/1333	Avg reward: 18.25	Avg steps: 1395
2020-09-05 09:04:47,079	INFO	Total steps: 11931951	Episode: 5140/1265	Avg reward: 17.75	Avg steps: 1464
2020-09-05 09:19:01,991	INFO	Total steps: 11959248	Episode: 5160/1364	Avg reward: 18.10	Avg steps: 1363
2020-09-05 09:33:09,848	INFO	Total steps: 11986292	Episode: 5180/1419	Avg reward: 18.15	Avg steps: 1351
2020-09-05 09:47:55,728	INFO	Total steps: 12014371	Episode: 5200/1276	Avg reward: 17.40	Avg steps: 1402
2020-09-05 10:02:05,598	INFO	Total steps: 12041665	Episode: 5220/1795	Avg reward: 18.05	Avg steps: 1363
2020-09-05 10:15:30,114	INFO	Total steps: 12068528	Episode: 5240/1181	Avg reward: 17.90	Avg steps: 1342
2020-09-05 10:29:08,960	INFO	Total steps: 12095852	Episode: 5260/1324	Avg reward: 18.20	Avg steps: 1365
2020-09-05 10:43:11,568	INFO	Total steps: 12123951	Episode: 5280/1499	Avg reward: 17.55	Avg steps: 1403
2020-09-05 10:56:53,859	INFO	Total steps: 12151750	Episode: 5300/1247	Avg reward: 18.00	Avg steps: 1388
2020-09-05 11:10:50,079	INFO	Total steps: 12179962	Episode: 5320/1391	Avg reward: 17.15	Avg steps: 1409
2020-09-05 11:24:27,190	INFO	Total steps: 12207494	Episode: 5340/1149	Avg reward: 17.40	Avg steps: 1375
2020-09-05 11:37:58,312	INFO	Total steps: 12234745	Episode: 5360/1319	Avg reward: 16.95	Avg steps: 1361
2020-09-05 11:51:40,107	INFO	Total steps: 12262414	Episode: 5380/1454	Avg reward: 17.45	Avg steps: 1382
2020-09-05 12:06:08,654	INFO	Total steps: 12291575	Episode: 5400/1013	Avg reward: 17.60	Avg steps: 1457
2020-09-05 12:19:38,631	INFO	Total steps: 12318766	Episode: 5420/1489	Avg reward: 17.95	Avg steps: 1358
2020-09-05 12:32:19,772	INFO	Total steps: 12344549	Episode: 5440/1298	Avg reward: 18.70	Avg steps: 1288
2020-09-05 12:45:47,846	INFO	Total steps: 12371871	Episode: 5460/1252	Avg reward: 17.70	Avg steps: 1365
2020-09-05 12:58:51,080	INFO	Total steps: 12398154	Episode: 5480/1369	Avg reward: 18.20	Avg steps: 1313
2020-09-05 13:12:40,816	INFO	Total steps: 12425949	Episode: 5500/1293	Avg reward: 17.50	Avg steps: 1388
2020-09-05 13:26:36,591	INFO	Total steps: 12454423	Episode: 5520/1337	Avg reward: 18.15	Avg steps: 1422
2020-09-05 13:40:15,009	INFO	Total steps: 12481848	Episode: 5540/1286	Avg reward: 17.45	Avg steps: 1370
2020-09-05 13:54:19,683	INFO	Total steps: 12510521	Episode: 5560/1468	Avg reward: 17.65	Avg steps: 1432
2020-09-05 14:08:01,174	INFO	Total steps: 12538091	Episode: 5580/1162	Avg reward: 17.05	Avg steps: 1377
2020-09-05 14:21:05,797	INFO	Total steps: 12564294	Episode: 5600/1441	Avg reward: 17.25	Avg steps: 1309
2020-09-05 14:35:06,094	INFO	Total steps: 12592307	Episode: 5620/1637	Avg reward: 16.75	Avg steps: 1399
2020-09-05 14:49:06,265	INFO	Total steps: 12620479	Episode: 5640/1191	Avg reward: 17.75	Avg steps: 1407
2020-09-05 15:02:44,233	INFO	Total steps: 12648032	Episode: 5660/994	Avg reward: 17.95	Avg steps: 1376
2020-09-05 15:16:02,279	INFO	Total steps: 12674986	Episode: 5680/1594	Avg reward: 18.40	Avg steps: 1346
2020-09-05 15:29:58,920	INFO	Total steps: 12703203	Episode: 5700/1550	Avg reward: 18.00	Avg steps: 1409
2020-09-05 15:42:58,694	INFO	Total steps: 12729517	Episode: 5720/1192	Avg reward: 18.05	Avg steps: 1314
2020-09-05 15:56:16,178	INFO	Total steps: 12756372	Episode: 5740/1571	Avg reward: 17.35	Avg steps: 1341
2020-09-05 16:09:31,947	INFO	Total steps: 12783136	Episode: 5760/1538	Avg reward: 18.50	Avg steps: 1337
2020-09-05 16:23:11,175	INFO	Total steps: 12810771	Episode: 5780/1571	Avg reward: 18.20	Avg steps: 1380
2020-09-05 16:37:34,824	INFO	Total steps: 12839850	Episode: 5800/1922	Avg reward: 17.70	Avg steps: 1452
2020-09-05 16:51:46,093	INFO	Total steps: 12868435	Episode: 5820/1462	Avg reward: 17.20	Avg steps: 1428
2020-09-05 17:05:41,927	INFO	Total steps: 12896503	Episode: 5840/1605	Avg reward: 18.00	Avg steps: 1402
2020-09-05 17:20:04,910	INFO	Total steps: 12925621	Episode: 5860/1341	Avg reward: 17.60	Avg steps: 1454
2020-09-05 17:34:35,524	INFO	Total steps: 12954676	Episode: 5880/1263	Avg reward: 18.00	Avg steps: 1451
2020-09-05 17:48:01,178	INFO	Total steps: 12981621	Episode: 5900/1268	Avg reward: 18.20	Avg steps: 1346
2020-09-05 18:00:49,952	INFO	Total steps: 13007885	Episode: 5920/1453	Avg reward: 18.15	Avg steps: 1312
2020-09-05 18:15:19,206	INFO	Total steps: 13037248	Episode: 5940/1768	Avg reward: 16.70	Avg steps: 1467
2020-09-05 18:27:51,025	INFO	Total steps: 13062362	Episode: 5960/1381	Avg reward: 18.35	Avg steps: 1254
2020-09-05 18:41:01,039	INFO	Total steps: 13089202	Episode: 5980/1707	Avg reward: 18.30	Avg steps: 1341
2020-09-05 18:53:53,298	INFO	Total steps: 13115439	Episode: 6000/1130	Avg reward: 17.75	Avg steps: 1310
2020-09-05 19:07:30,885	INFO	Total steps: 13143025	Episode: 6020/1048	Avg reward: 18.30	Avg steps: 1378
2020-09-05 19:20:44,116	INFO	Total steps: 13169870	Episode: 6040/1508	Avg reward: 17.80	Avg steps: 1341
2020-09-05 19:33:32,530	INFO	Total steps: 13195611	Episode: 6060/1238	Avg reward: 17.60	Avg steps: 1286
2020-09-05 19:46:08,392	INFO	Total steps: 13220916	Episode: 6080/1159	Avg reward: 18.65	Avg steps: 1264
2020-09-05 19:59:40,368	INFO	Total steps: 13248064	Episode: 6100/1204	Avg reward: 17.95	Avg steps: 1356
2020-09-05 20:12:55,510	INFO	Total steps: 13274683	Episode: 6120/1359	Avg reward: 18.35	Avg steps: 1329
2020-09-05 20:25:40,002	INFO	Total steps: 13300230	Episode: 6140/1409	Avg reward: 18.00	Avg steps: 1276
2020-09-05 20:38:32,773	INFO	Total steps: 13326492	Episode: 6160/1366	Avg reward: 18.85	Avg steps: 1312
2020-09-05 20:51:25,222	INFO	Total steps: 13352192	Episode: 6180/1317	Avg reward: 18.00	Avg steps: 1284
2020-09-05 21:04:26,050	INFO	Total steps: 13378491	Episode: 6200/1014	Avg reward: 17.30	Avg steps: 1313
2020-09-05 21:18:28,025	INFO	Total steps: 13406807	Episode: 6220/1154	Avg reward: 16.85	Avg steps: 1414
2020-09-05 21:31:45,130	INFO	Total steps: 13433737	Episode: 6240/1116	Avg reward: 17.45	Avg steps: 1345
2020-09-05 21:45:25,720	INFO	Total steps: 13461341	Episode: 6260/1245	Avg reward: 17.35	Avg steps: 1379
2020-09-05 21:58:28,099	INFO	Total steps: 13487629	Episode: 6280/1707	Avg reward: 18.50	Avg steps: 1313
2020-09-05 22:12:28,713	INFO	Total steps: 13516010	Episode: 6300/1871	Avg reward: 17.90	Avg steps: 1418
2020-09-05 22:25:08,141	INFO	Total steps: 13541650	Episode: 6320/1113	Avg reward: 18.55	Avg steps: 1281
2020-09-05 22:38:05,945	INFO	Total steps: 13567875	Episode: 6340/1166	Avg reward: 18.50	Avg steps: 1310
2020-09-05 22:50:52,729	INFO	Total steps: 13593788	Episode: 6360/1164	Avg reward: 18.25	Avg steps: 1294
2020-09-05 23:03:49,196	INFO	Total steps: 13619752	Episode: 6380/1777	Avg reward: 18.05	Avg steps: 1297
2020-09-05 23:16:38,310	INFO	Total steps: 13645671	Episode: 6400/1446	Avg reward: 18.05	Avg steps: 1294
2020-09-05 23:29:34,587	INFO	Total steps: 13671687	Episode: 6420/1125	Avg reward: 17.80	Avg steps: 1299
2020-09-05 23:42:18,819	INFO	Total steps: 13697323	Episode: 6440/1311	Avg reward: 17.75	Avg steps: 1280
2020-09-05 23:54:45,922	INFO	Total steps: 13722265	Episode: 6460/1143	Avg reward: 18.70	Avg steps: 1246
2020-09-06 00:08:07,305	INFO	Total steps: 13749346	Episode: 6480/1429	Avg reward: 17.95	Avg steps: 1353
2020-09-06 00:20:46,090	INFO	Total steps: 13774884	Episode: 6500/1103	Avg reward: 18.40	Avg steps: 1275
2020-09-06 00:32:33,179	INFO	Total steps: 13798719	Episode: 6520/1118	Avg reward: 19.05	Avg steps: 1190
2020-09-06 00:45:47,586	INFO	Total steps: 13825454	Episode: 6540/1297	Avg reward: 17.90	Avg steps: 1335
2020-09-06 00:59:36,657	INFO	Total steps: 13853059	Episode: 6560/1172	Avg reward: 17.50	Avg steps: 1379
2020-09-06 01:13:02,959	INFO	Total steps: 13880354	Episode: 6580/1287	Avg reward: 17.30	Avg steps: 1363
2020-09-06 01:26:20,305	INFO	Total steps: 13907257	Episode: 6600/1497	Avg reward: 18.30	Avg steps: 1344
2020-09-06 01:38:53,681	INFO	Total steps: 13932633	Episode: 6620/1141	Avg reward: 18.25	Avg steps: 1267
2020-09-06 01:51:30,916	INFO	Total steps: 13958316	Episode: 6640/2072	Avg reward: 18.00	Avg steps: 1283
2020-09-06 02:05:18,064	INFO	Total steps: 13986217	Episode: 6660/1183	Avg reward: 17.90	Avg steps: 1394
2020-09-06 02:18:10,538	INFO	Total steps: 14012169	Episode: 6680/1728	Avg reward: 18.30	Avg steps: 1296
2020-09-06 02:31:42,972	INFO	Total steps: 14039409	Episode: 6700/1165	Avg reward: 17.90	Avg steps: 1361
2020-09-06 02:44:46,441	INFO	Total steps: 14065804	Episode: 6720/1185	Avg reward: 18.05	Avg steps: 1318
2020-09-06 02:57:51,853	INFO	Total steps: 14092256	Episode: 6740/1664	Avg reward: 17.85	Avg steps: 1321
2020-09-06 03:11:10,112	INFO	Total steps: 14119153	Episode: 6760/1269	Avg reward: 18.10	Avg steps: 1343
2020-09-06 03:24:15,437	INFO	Total steps: 14145615	Episode: 6780/1350	Avg reward: 18.45	Avg steps: 1322
2020-09-06 03:37:23,312	INFO	Total steps: 14172090	Episode: 6800/1177	Avg reward: 17.60	Avg steps: 1322
2020-09-06 03:50:45,767	INFO	Total steps: 14199342	Episode: 6820/1477	Avg reward: 17.80	Avg steps: 1361
2020-09-06 04:04:41,861	INFO	Total steps: 14227647	Episode: 6840/1117	Avg reward: 17.45	Avg steps: 1414
2020-09-06 04:19:11,788	INFO	Total steps: 14256896	Episode: 6860/1290	Avg reward: 17.40	Avg steps: 1461
2020-09-06 04:32:42,473	INFO	Total steps: 14283883	Episode: 6880/1610	Avg reward: 18.45	Avg steps: 1348
2020-09-06 04:46:06,323	INFO	Total steps: 14310709	Episode: 6900/1358	Avg reward: 17.85	Avg steps: 1340
2020-09-06 04:59:07,329	INFO	Total steps: 14337000	Episode: 6920/1328	Avg reward: 18.90	Avg steps: 1313
2020-09-06 05:12:23,282	INFO	Total steps: 14363779	Episode: 6940/1221	Avg reward: 18.05	Avg steps: 1337
2020-09-06 05:25:45,121	INFO	Total steps: 14390716	Episode: 6960/1437	Avg reward: 18.05	Avg steps: 1345
2020-09-06 05:38:51,423	INFO	Total steps: 14417105	Episode: 6980/1353	Avg reward: 18.15	Avg steps: 1318
2020-09-06 05:51:33,263	INFO	Total steps: 14442595	Episode: 7000/1173	Avg reward: 17.90	Avg steps: 1273
2020-09-06 06:04:38,732	INFO	Total steps: 14468849	Episode: 7020/1862	Avg reward: 17.70	Avg steps: 1311
2020-09-06 06:17:25,711	INFO	Total steps: 14494813	Episode: 7040/1382	Avg reward: 18.65	Avg steps: 1297
2020-09-06 06:31:35,759	INFO	Total steps: 14523519	Episode: 7060/1382	Avg reward: 17.35	Avg steps: 1434
2020-09-06 06:44:29,375	INFO	Total steps: 14549520	Episode: 7080/1153	Avg reward: 18.45	Avg steps: 1299
2020-09-06 06:57:21,135	INFO	Total steps: 14575776	Episode: 7100/1197	Avg reward: 17.90	Avg steps: 1311
2020-09-06 07:11:20,973	INFO	Total steps: 14603916	Episode: 7120/1177	Avg reward: 18.20	Avg steps: 1406
2020-09-06 07:24:24,298	INFO	Total steps: 14630325	Episode: 7140/1253	Avg reward: 18.35	Avg steps: 1319
2020-09-06 07:37:54,943	INFO	Total steps: 14657589	Episode: 7160/1476	Avg reward: 17.95	Avg steps: 1362
2020-09-06 07:51:11,328	INFO	Total steps: 14684429	Episode: 7180/1238	Avg reward: 18.25	Avg steps: 1341
2020-09-06 08:04:39,890	INFO	Total steps: 14711493	Episode: 7200/1073	Avg reward: 18.15	Avg steps: 1352
2020-09-06 08:19:00,509	INFO	Total steps: 14740298	Episode: 7220/1446	Avg reward: 17.75	Avg steps: 1439
2020-09-06 08:32:13,966	INFO	Total steps: 14766906	Episode: 7240/1087	Avg reward: 18.60	Avg steps: 1329
2020-09-06 08:44:55,436	INFO	Total steps: 14792660	Episode: 7260/1729	Avg reward: 18.55	Avg steps: 1286
2020-09-06 08:57:31,669	INFO	Total steps: 14819689	Episode: 7280/1406	Avg reward: 17.30	Avg steps: 1350
2020-09-06 09:09:49,354	INFO	Total steps: 14846222	Episode: 7300/1349	Avg reward: 17.65	Avg steps: 1325
2020-09-06 09:22:30,331	INFO	Total steps: 14873653	Episode: 7320/1216	Avg reward: 17.15	Avg steps: 1370
2020-09-06 09:34:46,416	INFO	Total steps: 14899846	Episode: 7340/1327	Avg reward: 17.90	Avg steps: 1308
2020-09-06 09:46:12,774	INFO	Total steps: 14923743	Episode: 7360/1356	Avg reward: 19.00	Avg steps: 1193
2020-09-06 09:58:31,410	INFO	Total steps: 14949732	Episode: 7380/1348	Avg reward: 17.95	Avg steps: 1298
2020-09-06 10:11:31,692	INFO	Total steps: 14977525	Episode: 7400/1313	Avg reward: 18.05	Avg steps: 1388
2020-09-06 10:24:33,758	INFO	Total steps: 15005832	Episode: 7420/1144	Avg reward: 17.80	Avg steps: 1414
2020-09-06 10:37:16,429	INFO	Total steps: 15033384	Episode: 7440/1232	Avg reward: 17.30	Avg steps: 1376
2020-09-06 10:50:39,106	INFO	Total steps: 15062188	Episode: 7460/1471	Avg reward: 18.20	Avg steps: 1439
2020-09-06 11:02:40,017	INFO	Total steps: 15088284	Episode: 7480/1529	Avg reward: 18.05	Avg steps: 1303
2020-09-06 11:15:18,286	INFO	Total steps: 15115317	Episode: 7500/1374	Avg reward: 17.85	Avg steps: 1350
2020-09-06 11:27:10,211	INFO	Total steps: 15141565	Episode: 7520/1373	Avg reward: 17.35	Avg steps: 1311
2020-09-06 11:39:22,002	INFO	Total steps: 15169310	Episode: 7540/1629	Avg reward: 17.20	Avg steps: 1386
2020-09-06 11:51:47,385	INFO	Total steps: 15197554	Episode: 7560/1550	Avg reward: 17.40	Avg steps: 1411
2020-09-06 12:03:31,807	INFO	Total steps: 15224335	Episode: 7580/1148	Avg reward: 17.55	Avg steps: 1338
2020-09-06 12:15:11,521	INFO	Total steps: 15250784	Episode: 7600/1506	Avg reward: 17.55	Avg steps: 1321
2020-09-06 12:26:26,527	INFO	Total steps: 15276339	Episode: 7620/1241	Avg reward: 18.20	Avg steps: 1276
2020-09-06 12:38:48,825	INFO	Total steps: 15304428	Episode: 7640/1628	Avg reward: 17.70	Avg steps: 1403
2020-09-06 12:50:27,722	INFO	Total steps: 15330904	Episode: 7660/1058	Avg reward: 17.45	Avg steps: 1322
2020-09-06 13:02:08,483	INFO	Total steps: 15357500	Episode: 7680/1514	Avg reward: 17.95	Avg steps: 1328
2020-09-06 13:13:23,238	INFO	Total steps: 15383209	Episode: 7700/1069	Avg reward: 18.20	Avg steps: 1284
2020-09-06 13:25:52,681	INFO	Total steps: 15411567	Episode: 7720/1281	Avg reward: 16.90	Avg steps: 1416
2020-09-06 13:38:22,040	INFO	Total steps: 15439935	Episode: 7740/1886	Avg reward: 17.90	Avg steps: 1417
2020-09-06 13:50:32,743	INFO	Total steps: 15467549	Episode: 7760/1496	Avg reward: 17.60	Avg steps: 1379
2020-09-06 14:02:29,735	INFO	Total steps: 15494706	Episode: 7780/1226	Avg reward: 18.25	Avg steps: 1356
2020-09-06 14:15:14,567	INFO	Total steps: 15523627	Episode: 7800/1284	Avg reward: 16.60	Avg steps: 1445
2020-09-06 14:27:57,423	INFO	Total steps: 15552487	Episode: 7820/1379	Avg reward: 17.30	Avg steps: 1442
2020-09-06 14:39:57,092	INFO	Total steps: 15579844	Episode: 7840/1271	Avg reward: 17.90	Avg steps: 1366
2020-09-06 14:51:55,921	INFO	Total steps: 15607236	Episode: 7860/1155	Avg reward: 17.05	Avg steps: 1368
2020-09-06 15:04:07,650	INFO	Total steps: 15634745	Episode: 7880/1410	Avg reward: 16.85	Avg steps: 1374
2020-09-06 15:15:43,846	INFO	Total steps: 15660966	Episode: 7900/1172	Avg reward: 17.95	Avg steps: 1310
2020-09-06 15:27:12,977	INFO	Total steps: 15687056	Episode: 7920/1200	Avg reward: 18.15	Avg steps: 1303
2020-09-06 15:38:31,555	INFO	Total steps: 15712788	Episode: 7940/1175	Avg reward: 18.40	Avg steps: 1285
2020-09-06 15:49:32,381	INFO	Total steps: 15737747	Episode: 7960/1245	Avg reward: 18.50	Avg steps: 1246
2020-09-06 16:02:01,884	INFO	Total steps: 15766157	Episode: 7980/1549	Avg reward: 17.70	Avg steps: 1419
2020-09-06 16:14:11,834	INFO	Total steps: 15793803	Episode: 8000/1624	Avg reward: 17.55	Avg steps: 1381
