2020-09-04 01:22:51,343	INFO	--width 160 --height 160 --ball 1.0 --ball-size 2.0 --snell 1.0 --snell-width 80.0 --snell-change 0.0 --snell-visible none --paddle-speed 1.0 --paddle-angle 70.0 --paddle-length 20.0 --update-prob 0.4 --state binary --learning-rate 0.0001 --network dqn_pong_model --render False --epsdecay 1000 --episodes 4000 --replay 100000 --batch-size 32 --pred-episode 1000 --checkpoint ../experiments/95/dqn_pong_model --history ../experiments/95/history.p --store-dir ../experiments/144 
2020-09-04 01:22:51,403	INFO	Device: cuda
2020-09-04 01:22:54,082	INFO	Loading the trained model
2020-09-04 01:46:55,753	INFO	Total steps: 16724839	Episode: 4020/4126	Avg reward: -9.55	Avg steps: 3448
2020-09-04 02:19:13,987	INFO	Total steps: 16816838	Episode: 4040/4510	Avg reward: -6.20	Avg steps: 4598
2020-09-04 02:49:44,197	INFO	Total steps: 16903016	Episode: 4060/4668	Avg reward: -5.15	Avg steps: 4307
2020-09-04 03:23:00,601	INFO	Total steps: 16996938	Episode: 4080/6116	Avg reward: -4.20	Avg steps: 4695
2020-09-04 03:37:40,692	INFO	--width 160 --height 160 --ball 1.0 --ball-size 2.0 --snell 1.0 --snell-width 80.0 --snell-change 0.0 --snell-visible none --paddle-speed 1.0 --paddle-angle 70.0 --paddle-length 20.0 --update-prob 0.4 --state binary --learning-rate 0.0001 --network dqn_pong_model --render False --epsdecay 1000 --episodes 4000 --replay 100000 --batch-size 32 --pred-episode 1000 --checkpoint ../experiments/95/dqn_pong_model --history ../experiments/95/history.p --store-dir ../experiments/144 
2020-09-04 03:37:44,575	INFO	Device: cuda
2020-09-04 03:37:50,276	INFO	Loading the trained model
2020-09-04 04:14:20,610	INFO	Total steps: 16719952	Episode: 4020/2776	Avg reward: -9.70	Avg steps: 3204
2020-09-04 05:10:51,767	INFO	Total steps: 16821585	Episode: 4040/6678	Avg reward: -4.95	Avg steps: 5080
2020-09-04 05:58:46,219	INFO	Total steps: 16910684	Episode: 4060/4664	Avg reward: -5.90	Avg steps: 4453
2020-09-04 06:55:02,479	INFO	Total steps: 17010814	Episode: 4080/4888	Avg reward: -3.20	Avg steps: 5005
2020-09-04 07:45:17,324	INFO	Total steps: 17096261	Episode: 4100/8074	Avg reward: -7.30	Avg steps: 4271
2020-09-04 08:40:38,237	INFO	Total steps: 17194029	Episode: 4120/3658	Avg reward: -8.10	Avg steps: 4887
2020-09-04 09:51:07,507	INFO	Total steps: 17316348	Episode: 4140/6791	Avg reward: -4.35	Avg steps: 6114
2020-09-04 10:53:59,215	INFO	Total steps: 17423306	Episode: 4160/5171	Avg reward: -6.65	Avg steps: 5346
2020-09-04 11:32:07,396	INFO	Total steps: 17489598	Episode: 4180/4269	Avg reward: -12.65	Avg steps: 3313
2020-09-04 12:31:00,550	INFO	Total steps: 17593940	Episode: 4200/8474	Avg reward: -7.65	Avg steps: 5216
2020-09-04 13:36:46,933	INFO	Total steps: 17707152	Episode: 4220/6402	Avg reward: -7.10	Avg steps: 5659
2020-09-04 14:39:17,527	INFO	Total steps: 17817473	Episode: 4240/4976	Avg reward: -8.45	Avg steps: 5515
2020-09-04 15:45:16,411	INFO	Total steps: 17930467	Episode: 4260/5945	Avg reward: -5.95	Avg steps: 5648
2020-09-04 16:49:24,196	INFO	Total steps: 18048256	Episode: 4280/6696	Avg reward: -4.70	Avg steps: 5888
2020-09-04 17:44:21,838	INFO	Total steps: 18146789	Episode: 4300/5302	Avg reward: -6.60	Avg steps: 4925
2020-09-04 18:35:07,192	INFO	--width 160 --height 160 --ball 1.0 --ball-size 2.0 --snell 1.0 --snell-width 80.0 --snell-change 0.0 --snell-visible none --paddle-speed 1.0 --paddle-angle 70.0 --paddle-length 20.0 --update-prob 0.4 --state binary --learning-rate 0.0001 --network dqn_pong_model --render False --epsdecay 1000 --episodes 4000 --replay 100000 --batch-size 32 --pred-episode 1000 --checkpoint ../experiments/95/dqn_pong_model --history ../experiments/95/history.p --store-dir ../experiments/144 
2020-09-04 18:35:07,401	INFO	Device: cuda
2020-09-04 18:35:11,182	INFO	Loading the trained model
2020-09-04 19:07:15,273	INFO	Total steps: 16725766	Episode: 4020/4170	Avg reward: -9.70	Avg steps: 3495
2020-09-04 19:45:57,330	INFO	Total steps: 16815076	Episode: 4040/4941	Avg reward: -4.00	Avg steps: 4464
2020-09-04 20:25:35,884	INFO	Total steps: 16900405	Episode: 4060/4153	Avg reward: -7.00	Avg steps: 4265
2020-09-04 21:07:12,088	INFO	Total steps: 16990007	Episode: 4080/4531	Avg reward: -5.55	Avg steps: 4479
2020-09-04 21:43:06,602	INFO	Total steps: 17065301	Episode: 4100/4256	Avg reward: -8.10	Avg steps: 3763
2020-09-04 22:21:56,254	INFO	Total steps: 17143091	Episode: 4120/3941	Avg reward: -9.20	Avg steps: 3888
2020-09-04 22:59:39,137	INFO	Total steps: 17223474	Episode: 4140/4947	Avg reward: -9.35	Avg steps: 4018
2020-09-04 23:43:45,610	INFO	Total steps: 17318815	Episode: 4160/5717	Avg reward: -6.95	Avg steps: 4766
2020-09-05 00:24:09,206	INFO	Total steps: 17403563	Episode: 4180/5868	Avg reward: -9.30	Avg steps: 4236
2020-09-05 01:18:20,595	INFO	Total steps: 17513891	Episode: 4200/4566	Avg reward: -4.70	Avg steps: 5515
2020-09-05 02:04:45,695	INFO	Total steps: 17611611	Episode: 4220/4166	Avg reward: -8.20	Avg steps: 4885
2020-09-05 02:50:42,134	INFO	Total steps: 17711171	Episode: 4240/5930	Avg reward: -5.40	Avg steps: 4977
2020-09-05 03:39:48,326	INFO	Total steps: 17817956	Episode: 4260/5070	Avg reward: -6.30	Avg steps: 5338
2020-09-05 04:24:14,329	INFO	Total steps: 17910174	Episode: 4280/5594	Avg reward: -8.65	Avg steps: 4609
2020-09-05 05:12:14,779	INFO	Total steps: 18009086	Episode: 4300/2021	Avg reward: -8.65	Avg steps: 4944
2020-09-05 05:58:48,856	INFO	Total steps: 18104287	Episode: 4320/6193	Avg reward: -5.25	Avg steps: 4759
2020-09-05 06:46:21,308	INFO	Total steps: 18204946	Episode: 4340/5391	Avg reward: -4.60	Avg steps: 5031
2020-09-05 07:31:42,400	INFO	Total steps: 18304750	Episode: 4360/5964	Avg reward: -3.35	Avg steps: 4989
2020-09-05 08:15:27,378	INFO	Total steps: 18403651	Episode: 4380/5798	Avg reward: -5.45	Avg steps: 4944
2020-09-05 08:55:51,719	INFO	Total steps: 18491376	Episode: 4400/4924	Avg reward: -6.55	Avg steps: 4385
2020-09-05 09:33:42,459	INFO	Total steps: 18571474	Episode: 4420/1864	Avg reward: -7.85	Avg steps: 4003
2020-09-05 10:17:44,770	INFO	Total steps: 18667429	Episode: 4440/6447	Avg reward: -4.40	Avg steps: 4796
2020-09-05 11:08:54,079	INFO	Total steps: 18782571	Episode: 4460/5525	Avg reward: -4.85	Avg steps: 5756
2020-09-05 11:50:27,181	INFO	Total steps: 18876678	Episode: 4480/3854	Avg reward: -5.80	Avg steps: 4704
2020-09-05 12:35:57,980	INFO	Total steps: 18979803	Episode: 4500/4980	Avg reward: -7.00	Avg steps: 5155
2020-09-05 13:20:38,243	INFO	Total steps: 19080540	Episode: 4520/4970	Avg reward: -4.80	Avg steps: 5035
2020-09-05 13:56:04,050	INFO	Total steps: 19160516	Episode: 4540/5533	Avg reward: -5.05	Avg steps: 3997
2020-09-05 14:37:01,500	INFO	Total steps: 19253093	Episode: 4560/4621	Avg reward: -5.15	Avg steps: 4627
2020-09-05 15:18:56,603	INFO	Total steps: 19347905	Episode: 4580/4136	Avg reward: -4.50	Avg steps: 4739
2020-09-05 15:58:18,371	INFO	Total steps: 19436721	Episode: 4600/2328	Avg reward: -5.80	Avg steps: 4439
2020-09-05 16:39:30,468	INFO	Total steps: 19529954	Episode: 4620/3296	Avg reward: -6.75	Avg steps: 4660
2020-09-05 17:17:46,192	INFO	Total steps: 19616232	Episode: 4640/4720	Avg reward: -5.85	Avg steps: 4312
2020-09-05 18:01:59,007	INFO	Total steps: 19716169	Episode: 4660/4775	Avg reward: -4.90	Avg steps: 4995
2020-09-05 18:40:57,678	INFO	Total steps: 19804686	Episode: 4680/4318	Avg reward: -4.15	Avg steps: 4424
2020-09-05 19:21:09,889	INFO	Total steps: 19895459	Episode: 4700/3734	Avg reward: -5.30	Avg steps: 4537
2020-09-05 20:11:07,128	INFO	Total steps: 20008273	Episode: 4720/6199	Avg reward: -3.45	Avg steps: 5639
2020-09-05 20:50:37,110	INFO	Total steps: 20097601	Episode: 4740/5331	Avg reward: -5.65	Avg steps: 4465
2020-09-05 21:33:21,401	INFO	Total steps: 20194387	Episode: 4760/2710	Avg reward: -5.30	Avg steps: 4838
2020-09-05 22:09:42,464	INFO	Total steps: 20276323	Episode: 4780/4016	Avg reward: -7.65	Avg steps: 4095
2020-09-05 22:45:07,081	INFO	Total steps: 20356161	Episode: 4800/2576	Avg reward: -1.40	Avg steps: 3990
2020-09-05 23:19:21,401	INFO	Total steps: 20433719	Episode: 4820/4563	Avg reward: -3.90	Avg steps: 3876
2020-09-05 23:53:45,948	INFO	Total steps: 20510584	Episode: 4840/4181	Avg reward: -5.60	Avg steps: 3842
2020-09-06 00:27:52,467	INFO	Total steps: 20588239	Episode: 4860/2531	Avg reward: -3.35	Avg steps: 3881
2020-09-06 01:07:17,736	INFO	Total steps: 20677264	Episode: 4880/6397	Avg reward: -0.80	Avg steps: 4450
2020-09-06 01:46:53,881	INFO	Total steps: 20766768	Episode: 4900/4887	Avg reward: -1.95	Avg steps: 4474
2020-09-06 02:25:11,000	INFO	Total steps: 20853492	Episode: 4920/3834	Avg reward: -2.00	Avg steps: 4335
2020-09-06 03:05:47,971	INFO	Total steps: 20945454	Episode: 4940/5573	Avg reward: -2.60	Avg steps: 4597
2020-09-06 03:43:05,812	INFO	Total steps: 21029725	Episode: 4960/3568	Avg reward: 0.25	Avg steps: 4212
2020-09-06 04:15:45,422	INFO	Total steps: 21103916	Episode: 4980/4182	Avg reward: -3.40	Avg steps: 3708
2020-09-06 04:49:14,054	INFO	Total steps: 21179790	Episode: 5000/3963	Avg reward: -2.30	Avg steps: 3792
2020-09-06 05:27:34,827	INFO	Total steps: 21266680	Episode: 5020/6175	Avg reward: 2.65	Avg steps: 4343
2020-09-06 06:03:07,246	INFO	Total steps: 21347015	Episode: 5040/4321	Avg reward: -0.80	Avg steps: 4015
2020-09-06 06:36:49,176	INFO	Total steps: 21423386	Episode: 5060/3585	Avg reward: -1.95	Avg steps: 3817
2020-09-06 07:10:14,304	INFO	Total steps: 21499810	Episode: 5080/2752	Avg reward: -0.95	Avg steps: 3820
2020-09-06 07:47:58,785	INFO	Total steps: 21585956	Episode: 5100/3993	Avg reward: -0.75	Avg steps: 4306
2020-09-06 08:21:47,200	INFO	Total steps: 21662102	Episode: 5120/5252	Avg reward: -0.50	Avg steps: 3806
2020-09-06 08:56:03,666	INFO	Total steps: 21742351	Episode: 5140/3335	Avg reward: 1.60	Avg steps: 4011
2020-09-06 09:29:31,040	INFO	Total steps: 21821101	Episode: 5160/4049	Avg reward: 2.20	Avg steps: 3936
2020-09-06 10:02:33,811	INFO	Total steps: 21896565	Episode: 5180/3939	Avg reward: 4.15	Avg steps: 3772
2020-09-06 10:37:01,996	INFO	Total steps: 21977093	Episode: 5200/3994	Avg reward: 1.85	Avg steps: 4025
2020-09-06 11:11:32,806	INFO	Total steps: 22057635	Episode: 5220/3641	Avg reward: 2.75	Avg steps: 4026
2020-09-06 11:42:43,942	INFO	Total steps: 22134233	Episode: 5240/4469	Avg reward: 5.00	Avg steps: 3828
2020-09-06 12:15:37,307	INFO	Total steps: 22218061	Episode: 5260/3056	Avg reward: 0.45	Avg steps: 4190
2020-09-06 12:46:43,577	INFO	Total steps: 22295136	Episode: 5280/6119	Avg reward: 2.25	Avg steps: 3852
2020-09-06 13:18:24,579	INFO	Total steps: 22373859	Episode: 5300/3537	Avg reward: 1.95	Avg steps: 3935
2020-09-06 13:49:21,389	INFO	Total steps: 22450479	Episode: 5320/5419	Avg reward: 5.70	Avg steps: 3830
2020-09-06 14:21:06,380	INFO	Total steps: 22528892	Episode: 5340/3656	Avg reward: 3.60	Avg steps: 3919
2020-09-06 14:52:15,302	INFO	Total steps: 22605708	Episode: 5360/4156	Avg reward: 5.20	Avg steps: 3839
2020-09-06 15:20:47,667	INFO	Total steps: 22677620	Episode: 5380/4018	Avg reward: 5.40	Avg steps: 3594
2020-09-06 15:52:51,497	INFO	Total steps: 22760690	Episode: 5400/5285	Avg reward: 4.15	Avg steps: 4152
2020-09-06 16:23:30,552	INFO	Total steps: 22837904	Episode: 5420/3124	Avg reward: 6.35	Avg steps: 3859
2020-09-06 16:51:36,514	INFO	Total steps: 22912938	Episode: 5440/4306	Avg reward: 3.70	Avg steps: 3750
2020-09-06 17:19:36,631	INFO	Total steps: 22987513	Episode: 5460/4352	Avg reward: 5.75	Avg steps: 3727
2020-09-06 17:45:38,414	INFO	Total steps: 23056430	Episode: 5480/2734	Avg reward: 3.70	Avg steps: 3444
2020-09-06 18:18:12,444	INFO	Total steps: 23133787	Episode: 5500/4243	Avg reward: 5.20	Avg steps: 3866
2020-09-06 18:47:46,154	INFO	Total steps: 23201694	Episode: 5520/2601	Avg reward: 6.15	Avg steps: 3394
2020-09-06 19:16:56,397	INFO	Total steps: 23266796	Episode: 5540/2893	Avg reward: 6.55	Avg steps: 3254
2020-09-06 19:41:57,232	INFO	Total steps: 23332451	Episode: 5560/3575	Avg reward: 5.25	Avg steps: 3281
2020-09-06 20:12:43,624	INFO	Total steps: 23405923	Episode: 5580/3629	Avg reward: 4.65	Avg steps: 3672
2020-09-06 20:45:15,343	INFO	Total steps: 23478048	Episode: 5600/3107	Avg reward: 6.10	Avg steps: 3605
2020-09-06 21:13:43,169	INFO	Total steps: 23539147	Episode: 5620/4144	Avg reward: 8.85	Avg steps: 3053
2020-09-06 21:44:47,763	INFO	Total steps: 23605502	Episode: 5640/3222	Avg reward: 7.95	Avg steps: 3316
2020-09-06 22:16:47,438	INFO	Total steps: 23673212	Episode: 5660/3185	Avg reward: 5.50	Avg steps: 3384
2020-09-06 22:51:22,303	INFO	Total steps: 23746191	Episode: 5680/2978	Avg reward: 3.10	Avg steps: 3647
2020-09-06 23:20:49,918	INFO	Total steps: 23806547	Episode: 5700/2872	Avg reward: 6.55	Avg steps: 3016
2020-09-06 23:53:26,769	INFO	Total steps: 23874355	Episode: 5720/4167	Avg reward: 6.30	Avg steps: 3389
2020-09-07 00:26:34,184	INFO	Total steps: 23944457	Episode: 5740/4491	Avg reward: 6.50	Avg steps: 3504
2020-09-07 00:59:41,572	INFO	Total steps: 24011976	Episode: 5760/3693	Avg reward: 4.85	Avg steps: 3374
2020-09-07 01:29:10,395	INFO	Total steps: 24071868	Episode: 5780/2924	Avg reward: 11.50	Avg steps: 2993
2020-09-07 02:03:33,406	INFO	Total steps: 24142066	Episode: 5800/5225	Avg reward: 8.45	Avg steps: 3508
2020-09-07 02:35:36,596	INFO	Total steps: 24208850	Episode: 5820/3451	Avg reward: 7.10	Avg steps: 3338
2020-09-07 03:11:05,099	INFO	Total steps: 24282559	Episode: 5840/3770	Avg reward: 6.35	Avg steps: 3684
2020-09-07 03:41:34,227	INFO	Total steps: 24345978	Episode: 5860/2454	Avg reward: 7.90	Avg steps: 3169
2020-09-07 04:10:17,281	INFO	Total steps: 24405531	Episode: 5880/2336	Avg reward: 10.30	Avg steps: 2976
2020-09-07 04:41:49,747	INFO	Total steps: 24469098	Episode: 5900/3961	Avg reward: 8.85	Avg steps: 3177
2020-09-07 05:13:30,699	INFO	Total steps: 24534001	Episode: 5920/3459	Avg reward: 8.55	Avg steps: 3244
2020-09-07 05:45:48,038	INFO	Total steps: 24601060	Episode: 5940/3457	Avg reward: 6.85	Avg steps: 3351
2020-09-07 06:15:54,763	INFO	Total steps: 24662930	Episode: 5960/2483	Avg reward: 9.10	Avg steps: 3092
2020-09-07 06:45:35,063	INFO	Total steps: 24724458	Episode: 5980/3536	Avg reward: 10.35	Avg steps: 3075
2020-09-07 07:13:50,577	INFO	Total steps: 24783420	Episode: 6000/3973	Avg reward: 9.45	Avg steps: 2947
2020-09-07 07:45:04,843	INFO	Total steps: 24849352	Episode: 6020/4232	Avg reward: 7.25	Avg steps: 3295
2020-09-07 08:16:59,877	INFO	Total steps: 24916789	Episode: 6040/3439	Avg reward: 9.75	Avg steps: 3370
2020-09-07 08:47:26,041	INFO	Total steps: 24981340	Episode: 6060/3686	Avg reward: 8.75	Avg steps: 3226
2020-09-07 09:16:43,313	INFO	Total steps: 25043586	Episode: 6080/3510	Avg reward: 10.65	Avg steps: 3111
2020-09-07 09:47:00,107	INFO	Total steps: 25107844	Episode: 6100/2407	Avg reward: 9.95	Avg steps: 3211
2020-09-07 10:20:49,867	INFO	Total steps: 25179498	Episode: 6120/3635	Avg reward: 10.55	Avg steps: 3581
2020-09-07 10:50:45,359	INFO	Total steps: 25242798	Episode: 6140/2690	Avg reward: 8.60	Avg steps: 3164
2020-09-07 11:22:18,317	INFO	Total steps: 25309561	Episode: 6160/3677	Avg reward: 2.75	Avg steps: 3337
2020-09-07 11:52:18,824	INFO	Total steps: 25371712	Episode: 6180/4226	Avg reward: 8.45	Avg steps: 3106
2020-09-07 12:23:52,434	INFO	Total steps: 25436321	Episode: 6200/2668	Avg reward: 9.75	Avg steps: 3229
2020-09-07 12:52:16,183	INFO	Total steps: 25496080	Episode: 6220/2736	Avg reward: 10.25	Avg steps: 2986
2020-09-07 13:21:35,987	INFO	Total steps: 25558049	Episode: 6240/3096	Avg reward: 9.30	Avg steps: 3097
2020-09-07 13:53:44,454	INFO	Total steps: 25625978	Episode: 6260/3129	Avg reward: 10.60	Avg steps: 3395
2020-09-07 14:26:09,951	INFO	Total steps: 25694636	Episode: 6280/3942	Avg reward: 10.90	Avg steps: 3431
2020-09-07 14:58:07,268	INFO	Total steps: 25760596	Episode: 6300/2907	Avg reward: 9.65	Avg steps: 3297
2020-09-07 15:29:15,614	INFO	Total steps: 25823091	Episode: 6320/2731	Avg reward: 10.40	Avg steps: 3123
2020-09-07 16:04:07,289	INFO	Total steps: 25890376	Episode: 6340/4333	Avg reward: 10.45	Avg steps: 3363
2020-09-07 16:36:47,484	INFO	Total steps: 25954405	Episode: 6360/2741	Avg reward: 11.20	Avg steps: 3200
2020-09-07 17:12:04,005	INFO	Total steps: 26022583	Episode: 6380/4651	Avg reward: 11.15	Avg steps: 3407
2020-09-07 17:48:48,241	INFO	Total steps: 26093588	Episode: 6400/3124	Avg reward: 10.25	Avg steps: 3549
2020-09-07 18:24:07,339	INFO	Total steps: 26162332	Episode: 6420/2703	Avg reward: 9.35	Avg steps: 3436
2020-09-07 18:59:55,827	INFO	Total steps: 26231548	Episode: 6440/2670	Avg reward: 9.90	Avg steps: 3459
2020-09-07 19:33:44,261	INFO	Total steps: 26296888	Episode: 6460/3179	Avg reward: 8.50	Avg steps: 3266
2020-09-07 20:08:37,703	INFO	Total steps: 26364256	Episode: 6480/2373	Avg reward: 8.65	Avg steps: 3367
2020-09-07 20:41:58,965	INFO	Total steps: 26428737	Episode: 6500/3948	Avg reward: 10.40	Avg steps: 3223
2020-09-07 21:16:05,440	INFO	Total steps: 26494632	Episode: 6520/2623	Avg reward: 10.75	Avg steps: 3293
2020-09-07 21:49:31,431	INFO	Total steps: 26559442	Episode: 6540/3409	Avg reward: 10.15	Avg steps: 3239
2020-09-07 22:22:17,959	INFO	Total steps: 26622889	Episode: 6560/3599	Avg reward: 12.60	Avg steps: 3171
2020-09-07 22:55:02,986	INFO	Total steps: 26686355	Episode: 6580/2201	Avg reward: 10.95	Avg steps: 3172
2020-09-07 23:30:00,291	INFO	Total steps: 26753760	Episode: 6600/3385	Avg reward: 9.65	Avg steps: 3369
2020-09-08 00:04:34,020	INFO	Total steps: 26820685	Episode: 6620/3279	Avg reward: 9.20	Avg steps: 3345
2020-09-08 00:37:42,143	INFO	Total steps: 26884759	Episode: 6640/2466	Avg reward: 10.85	Avg steps: 3202
2020-09-08 01:08:22,039	INFO	Total steps: 26946354	Episode: 6660/2947	Avg reward: 12.20	Avg steps: 3078
2020-09-08 01:37:30,831	INFO	Total steps: 27009948	Episode: 6680/3774	Avg reward: 10.15	Avg steps: 3178
2020-09-08 02:07:58,229	INFO	Total steps: 27077132	Episode: 6700/3604	Avg reward: 8.80	Avg steps: 3358
2020-09-08 02:37:05,167	INFO	Total steps: 27141347	Episode: 6720/3304	Avg reward: 9.95	Avg steps: 3209
2020-09-08 03:04:46,597	INFO	Total steps: 27202677	Episode: 6740/4159	Avg reward: 9.75	Avg steps: 3065
2020-09-08 03:34:03,833	INFO	Total steps: 27266868	Episode: 6760/2192	Avg reward: 10.35	Avg steps: 3208
2020-09-08 04:06:02,403	INFO	Total steps: 27337181	Episode: 6780/2518	Avg reward: 9.20	Avg steps: 3514
2020-09-08 04:33:56,028	INFO	Total steps: 27398329	Episode: 6800/3416	Avg reward: 8.65	Avg steps: 3056
2020-09-08 05:04:48,476	INFO	Total steps: 27465928	Episode: 6820/3550	Avg reward: 8.20	Avg steps: 3378
2020-09-08 05:32:12,575	INFO	Total steps: 27526118	Episode: 6840/3101	Avg reward: 11.00	Avg steps: 3008
2020-09-08 05:58:27,162	INFO	Total steps: 27583588	Episode: 6860/3995	Avg reward: 11.80	Avg steps: 2872
2020-09-08 06:26:30,001	INFO	Total steps: 27645263	Episode: 6880/2712	Avg reward: 10.35	Avg steps: 3082
2020-09-08 06:54:01,906	INFO	Total steps: 27705916	Episode: 6900/2864	Avg reward: 9.80	Avg steps: 3031
2020-09-08 07:22:41,432	INFO	Total steps: 27768572	Episode: 6920/3019	Avg reward: 9.80	Avg steps: 3131
2020-09-08 07:50:39,483	INFO	Total steps: 27829738	Episode: 6940/3072	Avg reward: 11.00	Avg steps: 3057
2020-09-08 08:16:50,537	INFO	Total steps: 27886098	Episode: 6960/2309	Avg reward: 12.65	Avg steps: 2817
2020-09-08 08:48:38,890	INFO	Total steps: 27953178	Episode: 6980/2584	Avg reward: 11.50	Avg steps: 3353
2020-09-08 09:19:14,590	INFO	Total steps: 28017383	Episode: 7000/3773	Avg reward: 9.60	Avg steps: 3209
2020-09-08 09:47:25,926	INFO	Total steps: 28081147	Episode: 7020/2632	Avg reward: 10.10	Avg steps: 3187
2020-09-08 10:16:40,512	INFO	Total steps: 28147659	Episode: 7040/2829	Avg reward: 9.95	Avg steps: 3324
2020-09-08 10:45:07,473	INFO	Total steps: 28212529	Episode: 7060/3021	Avg reward: 10.15	Avg steps: 3242
2020-09-08 11:11:52,080	INFO	Total steps: 28273337	Episode: 7080/3164	Avg reward: 11.60	Avg steps: 3039
2020-09-08 11:40:35,192	INFO	Total steps: 28338444	Episode: 7100/3718	Avg reward: 10.65	Avg steps: 3254
2020-09-08 12:10:39,758	INFO	Total steps: 28406869	Episode: 7120/3482	Avg reward: 11.10	Avg steps: 3420
2020-09-08 12:40:27,223	INFO	Total steps: 28474635	Episode: 7140/3507	Avg reward: 9.80	Avg steps: 3387
2020-09-08 13:08:43,127	INFO	Total steps: 28538777	Episode: 7160/3270	Avg reward: 12.25	Avg steps: 3206
2020-09-08 13:38:38,895	INFO	Total steps: 28607491	Episode: 7180/5210	Avg reward: 9.80	Avg steps: 3434
2020-09-08 14:06:04,592	INFO	Total steps: 28669932	Episode: 7200/2027	Avg reward: 12.40	Avg steps: 3121
2020-09-08 14:33:59,882	INFO	Total steps: 28733408	Episode: 7220/2972	Avg reward: 11.90	Avg steps: 3172
2020-09-08 15:03:32,213	INFO	Total steps: 28800920	Episode: 7240/3252	Avg reward: 10.30	Avg steps: 3374
2020-09-08 15:34:58,121	INFO	Total steps: 28872188	Episode: 7260/2916	Avg reward: 10.75	Avg steps: 3562
2020-09-08 16:02:31,727	INFO	Total steps: 28935104	Episode: 7280/3390	Avg reward: 12.50	Avg steps: 3144
2020-09-08 16:32:49,076	INFO	Total steps: 29004455	Episode: 7300/3937	Avg reward: 11.25	Avg steps: 3466
2020-09-08 17:03:56,139	INFO	Total steps: 29075713	Episode: 7320/3695	Avg reward: 9.90	Avg steps: 3561
2020-09-08 17:29:00,482	INFO	Total steps: 29132927	Episode: 7340/2797	Avg reward: 8.45	Avg steps: 2859
2020-09-08 17:57:06,049	INFO	Total steps: 29196979	Episode: 7360/2837	Avg reward: 10.65	Avg steps: 3201
2020-09-08 18:27:26,840	INFO	Total steps: 29265886	Episode: 7380/3361	Avg reward: 9.45	Avg steps: 3444
2020-09-08 18:58:27,360	INFO	Total steps: 29336634	Episode: 7400/2650	Avg reward: 9.10	Avg steps: 3536
2020-09-08 19:26:18,439	INFO	Total steps: 29400239	Episode: 7420/2680	Avg reward: 10.10	Avg steps: 3179
2020-09-08 19:55:54,573	INFO	Total steps: 29467894	Episode: 7440/1931	Avg reward: 7.50	Avg steps: 3381
2020-09-08 20:26:44,458	INFO	Total steps: 29539142	Episode: 7460/3118	Avg reward: 8.65	Avg steps: 3561
2020-09-08 20:54:45,640	INFO	Total steps: 29606352	Episode: 7480/4364	Avg reward: 9.80	Avg steps: 3359
2020-09-08 21:17:59,119	INFO	Total steps: 29661559	Episode: 7500/3068	Avg reward: 11.75	Avg steps: 2759
2020-09-08 21:45:23,407	INFO	Total steps: 29727810	Episode: 7520/3304	Avg reward: 10.60	Avg steps: 3311
2020-09-08 22:09:42,662	INFO	Total steps: 29786296	Episode: 7540/2269	Avg reward: 13.30	Avg steps: 2923
2020-09-08 22:37:57,920	INFO	Total steps: 29854068	Episode: 7560/3635	Avg reward: 10.30	Avg steps: 3387
2020-09-08 23:06:12,829	INFO	Total steps: 29920920	Episode: 7580/2513	Avg reward: 11.00	Avg steps: 3341
2020-09-08 23:37:02,526	INFO	Total steps: 29994976	Episode: 7600/3036	Avg reward: 9.05	Avg steps: 3701
2020-09-09 00:02:01,881	INFO	Total steps: 30054738	Episode: 7620/3196	Avg reward: 9.75	Avg steps: 2987
2020-09-09 00:27:00,010	INFO	Total steps: 30113839	Episode: 7640/3485	Avg reward: 11.30	Avg steps: 2954
2020-09-09 00:53:01,130	INFO	Total steps: 30175753	Episode: 7660/2624	Avg reward: 9.90	Avg steps: 3094
2020-09-09 01:18:47,790	INFO	Total steps: 30237414	Episode: 7680/3777	Avg reward: 9.35	Avg steps: 3082
2020-09-09 01:44:56,968	INFO	Total steps: 30300461	Episode: 7700/2720	Avg reward: 9.05	Avg steps: 3151
2020-09-09 02:13:12,272	INFO	Total steps: 30368658	Episode: 7720/3837	Avg reward: 10.85	Avg steps: 3408
2020-09-09 02:39:25,073	INFO	Total steps: 30431122	Episode: 7740/2809	Avg reward: 11.55	Avg steps: 3122
2020-09-09 03:05:53,191	INFO	Total steps: 30493294	Episode: 7760/3628	Avg reward: 11.10	Avg steps: 3107
2020-09-09 03:32:38,081	INFO	Total steps: 30554964	Episode: 7780/2486	Avg reward: 9.90	Avg steps: 3082
2020-09-09 03:58:36,134	INFO	Total steps: 30614884	Episode: 7800/2808	Avg reward: 10.60	Avg steps: 2995
2020-09-09 04:22:15,912	INFO	Total steps: 30673339	Episode: 7820/2536	Avg reward: 10.20	Avg steps: 2921
2020-09-09 04:45:40,013	INFO	Total steps: 30736404	Episode: 7840/2815	Avg reward: 8.25	Avg steps: 3152
2020-09-09 05:11:30,746	INFO	Total steps: 30799215	Episode: 7860/3642	Avg reward: 9.50	Avg steps: 3139
2020-09-09 05:38:15,484	INFO	Total steps: 30861323	Episode: 7880/3189	Avg reward: 11.95	Avg steps: 3104
2020-09-09 06:07:17,664	INFO	Total steps: 30928110	Episode: 7900/2912	Avg reward: 9.60	Avg steps: 3338
2020-09-09 06:35:35,225	INFO	Total steps: 30993485	Episode: 7920/2071	Avg reward: 10.95	Avg steps: 3267
2020-09-09 07:04:01,906	INFO	Total steps: 31058694	Episode: 7940/2928	Avg reward: 10.20	Avg steps: 3259
2020-09-09 07:28:56,176	INFO	Total steps: 31115571	Episode: 7960/2716	Avg reward: 10.65	Avg steps: 2842
2020-09-09 07:56:01,477	INFO	Total steps: 31177339	Episode: 7980/3128	Avg reward: 10.35	Avg steps: 3087
2020-09-09 08:23:51,647	INFO	Total steps: 31241577	Episode: 8000/4019	Avg reward: 9.05	Avg steps: 3210
